[ 2015-11-16T09:13:19+08:00 ] ::1 /mbook/index.php/home/index/JQM/jquery.mobile-1.4.5.min.css
ERR: 非法操作:JQM

[ 2015-11-16T09:13:19+08:00 ] ::1 /mbook/index.php/home/index/JQM/jquery-1.11.1.min.js
ERR: 非法操作:JQM

[ 2015-11-16T09:13:19+08:00 ] ::1 /mbook/index.php/home/index/JQM/jquery.mobile-1.4.5.min.js
ERR: 非法操作:JQM

[ 2015-11-16T09:13:24+08:00 ] ::1 /mbook/index.php/home/index/JQM/jquery.mobile-1.4.5.min.css
ERR: 非法操作:JQM

[ 2015-11-16T09:13:24+08:00 ] ::1 /mbook/index.php/home/index/JQM/jquery-1.11.1.min.js
ERR: 非法操作:JQM

[ 2015-11-16T09:13:24+08:00 ] ::1 /mbook/index.php/home/index/JQM/jquery.mobile-1.4.5.min.js
ERR: 非法操作:JQM

[ 2015-11-16T09:13:55+08:00 ] ::1 /mbook/index.php/home/index/JQM/jquery.mobile-1.4.5.min.css
ERR: 非法操作:JQM

[ 2015-11-16T09:13:55+08:00 ] ::1 /mbook/index.php/home/index/JQM/jquery-1.11.1.min.js
ERR: 非法操作:JQM

[ 2015-11-16T09:13:55+08:00 ] ::1 /mbook/index.php/home/index/JQM/jquery.mobile-1.4.5.min.js
ERR: 非法操作:JQM

[ 2015-11-16T09:14:12+08:00 ] ::1 /mbook/index.php/home/index/JQM/jquery-1.11.1.min.js
ERR: 非法操作:JQM

[ 2015-11-16T09:14:12+08:00 ] ::1 /mbook/index.php/home/index/JQM/jquery.mobile-1.4.5.min.css
ERR: 非法操作:JQM

[ 2015-11-16T09:14:12+08:00 ] ::1 /mbook/index.php/home/index/JQM/jquery.mobile-1.4.5.min.js
ERR: 非法操作:JQM

[ 2015-11-16T09:14:18+08:00 ] ::1 /mbook/index.php/home/index/JQM/jquery.mobile-1.4.5.min.css
ERR: 非法操作:JQM

[ 2015-11-16T09:14:18+08:00 ] ::1 /mbook/index.php/home/index/JQM/jquery.mobile-1.4.5.min.js
ERR: 非法操作:JQM

[ 2015-11-16T09:14:18+08:00 ] ::1 /mbook/index.php/home/index/JQM/jquery-1.11.1.min.js
ERR: 非法操作:JQM

[ 2015-11-16T09:14:36+08:00 ] ::1 /mbook/index.php/home/index/JQM/jquery-1.11.1.min.js
ERR: 非法操作:JQM

[ 2015-11-16T09:14:36+08:00 ] ::1 /mbook/index.php/home/index/JQM/jquery.mobile-1.4.5.min.css
ERR: 非法操作:JQM

[ 2015-11-16T09:14:36+08:00 ] ::1 /mbook/index.php/home/index/JQM/jquery.mobile-1.4.5.min.js
ERR: 非法操作:JQM

[ 2015-11-16T09:14:44+08:00 ] ::1 /mbook/index.php/home/index/JQM/jquery.mobile-1.4.5.min.css
ERR: 非法操作:JQM

[ 2015-11-16T09:14:44+08:00 ] ::1 /mbook/index.php/home/index/JQM/jquery-1.11.1.min.js
ERR: 非法操作:JQM

[ 2015-11-16T09:14:44+08:00 ] ::1 /mbook/index.php/home/index/JQM/jquery.mobile-1.4.5.min.js
ERR: 非法操作:JQM

[ 2015-11-16T09:17:33+08:00 ] ::1 /mbook/index.php/home/index/JQM/jquery.mobile-1.4.5.min.css
ERR: 非法操作:JQM

[ 2015-11-16T09:17:33+08:00 ] ::1 /mbook/index.php/home/index/JQM/jquery.mobile-1.4.5.min.js
ERR: 非法操作:JQM

[ 2015-11-16T09:17:33+08:00 ] ::1 /mbook/index.php/home/index/JQM/jquery-1.11.1.min.js
ERR: 非法操作:JQM

[ 2015-11-16T09:27:47+08:00 ] ::1 /mbook/index.php/home/index/JQM/jquery.mobile-1.4.5.min.css
ERR: 非法操作:JQM

[ 2015-11-16T09:27:47+08:00 ] ::1 /mbook/index.php/home/index/JQM/jquery-1.11.1.min.js
ERR: 非法操作:JQM

[ 2015-11-16T09:27:47+08:00 ] ::1 /mbook/index.php/home/index/JQM/jquery.mobile-1.4.5.min.js
ERR: 非法操作:JQM

[ 2015-11-16T09:27:56+08:00 ] ::1 /mbook/index.php/home/index/JQM/jquery.mobile-1.4.5.min.css
ERR: 非法操作:JQM

[ 2015-11-16T09:28:28+08:00 ] ::1 /mbook/index.php/home/index/JQM/jquery.mobile-1.4.5.min.css
ERR: 非法操作:JQM

[ 2015-11-16T09:28:28+08:00 ] ::1 /mbook/index.php/home/index/JQM/jquery.mobile-1.4.5.min.js
ERR: 非法操作:JQM

[ 2015-11-16T09:28:28+08:00 ] ::1 /mbook/index.php/home/index/JQM/jquery-1.11.1.min.js
ERR: 非法操作:JQM

[ 2015-11-16T09:28:42+08:00 ] ::1 /mbook/index.php/home/index/JQM/jquery.mobile-1.4.5.min.css
ERR: 非法操作:JQM

[ 2015-11-16T12:55:23+08:00 ] ::1 /mbook/index.php/home/index/index.html
INFO: [ app_begin ] --START--
INFO: Run Behavior\ReadHtmlCacheBehavior [ RunTime:0.001970s ]
INFO: [ app_begin ] --END-- [ RunTime:0.003169s ]
INFO: [ view_parse ] --START--
INFO: [ template_filter ] --START--
INFO: Run Behavior\ContentReplaceBehavior [ RunTime:0.000151s ]
INFO: [ template_filter ] --END-- [ RunTime:0.000508s ]
INFO: Run Behavior\ParseTemplateBehavior [ RunTime:0.022565s ]
INFO: [ view_parse ] --END-- [ RunTime:0.022809s ]
INFO: [ view_filter ] --START--
INFO: Run Behavior\WriteHtmlCacheBehavior [ RunTime:0.001600s ]
INFO: [ view_filter ] --END-- [ RunTime:0.002099s ]
INFO: [ app_end ] --START--
INFO: Run Behavior\ShowPageTraceBehavior [ RunTime:0.003316s ]
INFO: [ app_end ] --END-- [ RunTime:0.003852s ]

[ 2015-11-16T12:55:38+08:00 ] ::1 /mbook/index.php/home/index/type
INFO: [ app_begin ] --START--
INFO: Run Behavior\ReadHtmlCacheBehavior [ RunTime:0.002186s ]
INFO: [ app_begin ] --END-- [ RunTime:0.003524s ]
SQL: SHOW COLUMNS FROM `tb_bigtype` [ RunTime:0.0081s ]
SQL: SELECT `b_id`,`b_name` FROM `tb_bigtype`  [ RunTime:0.0012s ]
SQL: SELECT * FROM `tb_bigtype` INNER JOIN tb_smalltype on tb_smalltype.b_id = tb_bigtype.b_id   [ RunTime:0.0017s ]
INFO: [ view_parse ] --START--
INFO: [ template_filter ] --START--
INFO: Run Behavior\ContentReplaceBehavior [ RunTime:0.000218s ]
INFO: [ template_filter ] --END-- [ RunTime:0.000523s ]
INFO: Run Behavior\ParseTemplateBehavior [ RunTime:0.031515s ]
INFO: [ view_parse ] --END-- [ RunTime:0.031841s ]
INFO: [ view_filter ] --START--
INFO: Run Behavior\WriteHtmlCacheBehavior [ RunTime:0.001012s ]
INFO: [ view_filter ] --END-- [ RunTime:0.001261s ]
INFO: [ app_end ] --START--
INFO: Run Behavior\ShowPageTraceBehavior [ RunTime:0.001484s ]
INFO: [ app_end ] --END-- [ RunTime:0.001704s ]

[ 2015-11-16T12:55:43+08:00 ] ::1 /mbook/index.php/home/index/index
INFO: [ app_begin ] --START--
INFO: Run Behavior\ReadHtmlCacheBehavior [ RunTime:0.002429s ]
INFO: [ app_begin ] --END-- [ RunTime:0.003901s ]
INFO: [ view_parse ] --START--
INFO: [ template_filter ] --START--
INFO: Run Behavior\ContentReplaceBehavior [ RunTime:0.000198s ]
INFO: [ template_filter ] --END-- [ RunTime:0.000523s ]
INFO: Run Behavior\ParseTemplateBehavior [ RunTime:0.020960s ]
INFO: [ view_parse ] --END-- [ RunTime:0.021290s ]
INFO: [ view_filter ] --START--
INFO: Run Behavior\WriteHtmlCacheBehavior [ RunTime:0.001237s ]
INFO: [ view_filter ] --END-- [ RunTime:0.001532s ]
INFO: [ app_end ] --START--
INFO: Run Behavior\ShowPageTraceBehavior [ RunTime:0.002942s ]
INFO: [ app_end ] --END-- [ RunTime:0.003282s ]

[ 2015-11-16T13:14:38+08:00 ] ::1 /mbook/index.php/home/index/index.html
INFO: [ app_begin ] --START--
INFO: Run Behavior\ReadHtmlCacheBehavior [ RunTime:0.001498s ]
INFO: [ app_begin ] --END-- [ RunTime:0.002399s ]
INFO: [ view_parse ] --START--
INFO: [ template_filter ] --START--
INFO: Run Behavior\ContentReplaceBehavior [ RunTime:0.000218s ]
INFO: [ template_filter ] --END-- [ RunTime:0.000663s ]
INFO: Run Behavior\ParseTemplateBehavior [ RunTime:0.029050s ]
INFO: [ view_parse ] --END-- [ RunTime:0.029391s ]
INFO: [ view_filter ] --START--
INFO: Run Behavior\WriteHtmlCacheBehavior [ RunTime:0.001903s ]
INFO: [ view_filter ] --END-- [ RunTime:0.002237s ]
INFO: [ app_end ] --START--
INFO: Run Behavior\ShowPageTraceBehavior [ RunTime:0.001933s ]
INFO: [ app_end ] --END-- [ RunTime:0.002182s ]

[ 2015-11-16T18:37:00+08:00 ] ::1 /mbook/index.php/home/index/index.html
ERR: SQLSTATE[42S22]: Column not found: 1054 Unknown column 'book_price' in 'field list'

[ 2015-11-16T19:16:08+08:00 ] ::1 /mbook/index.php/home/index/type.html
INFO: [ app_begin ] --START--
INFO: Run Behavior\ReadHtmlCacheBehavior [ RunTime:0.003615s ]
INFO: [ app_begin ] --END-- [ RunTime:0.004953s ]
SQL: SHOW COLUMNS FROM `tb_bigtype` [ RunTime:0.0079s ]
SQL: SELECT `b_id`,`b_name` FROM `tb_bigtype`  [ RunTime:0.0007s ]
SQL: SELECT * FROM `tb_bigtype` INNER JOIN tb_smalltype on tb_smalltype.b_id = tb_bigtype.b_id   [ RunTime:0.0008s ]
INFO: [ view_parse ] --START--
INFO: [ template_filter ] --START--
INFO: Run Behavior\ContentReplaceBehavior [ RunTime:0.000239s ]
INFO: [ template_filter ] --END-- [ RunTime:0.000609s ]
INFO: Run Behavior\ParseTemplateBehavior [ RunTime:0.035851s ]
INFO: [ view_parse ] --END-- [ RunTime:0.036286s ]
INFO: [ view_filter ] --START--
INFO: Run Behavior\WriteHtmlCacheBehavior [ RunTime:0.001620s ]
INFO: [ view_filter ] --END-- [ RunTime:0.001864s ]
INFO: [ app_end ] --START--
INFO: Run Behavior\ShowPageTraceBehavior [ RunTime:0.002478s ]
INFO: [ app_end ] --END-- [ RunTime:0.002730s ]

[ 2015-11-16T19:40:27+08:00 ] ::1 /mbook/index.php/home/index/type.html
INFO: [ app_begin ] --START--
INFO: Run Behavior\ReadHtmlCacheBehavior [ RunTime:0.001822s ]
INFO: [ app_begin ] --END-- [ RunTime:0.002922s ]
SQL: SHOW COLUMNS FROM `tb_bigtype` [ RunTime:0.0080s ]
SQL: SELECT `b_id`,`b_name` FROM `tb_bigtype`  [ RunTime:0.0010s ]
SQL: SELECT * FROM `tb_bigtype` INNER JOIN tb_smalltype on tb_smalltype.b_id = tb_bigtype.b_id   [ RunTime:0.0014s ]
INFO: [ view_parse ] --START--
INFO: [ template_filter ] --START--
INFO: Run Behavior\ContentReplaceBehavior [ RunTime:0.000234s ]
INFO: [ template_filter ] --END-- [ RunTime:0.001068s ]
INFO: Run Behavior\ParseTemplateBehavior [ RunTime:0.037820s ]
INFO: [ view_parse ] --END-- [ RunTime:0.038140s ]
INFO: [ view_filter ] --START--
INFO: Run Behavior\WriteHtmlCacheBehavior [ RunTime:0.001142s ]
INFO: [ view_filter ] --END-- [ RunTime:0.001402s ]
INFO: [ app_end ] --START--
INFO: Run Behavior\ShowPageTraceBehavior [ RunTime:0.002768s ]
INFO: [ app_end ] --END-- [ RunTime:0.003063s ]

[ 2015-11-16T19:44:34+08:00 ] ::1 /mbook/index.php/home/index/type.html
INFO: [ app_begin ] --START--
INFO: Run Behavior\ReadHtmlCacheBehavior [ RunTime:0.003167s ]
INFO: [ app_begin ] --END-- [ RunTime:0.004905s ]
SQL: SHOW COLUMNS FROM `tb_bigtype` [ RunTime:0.0092s ]
SQL: SELECT `b_id`,`b_name` FROM `tb_bigtype`  [ RunTime:0.0009s ]
SQL: SELECT * FROM `tb_bigtype` INNER JOIN tb_smalltype on tb_smalltype.b_id = tb_bigtype.b_id   [ RunTime:0.0010s ]
INFO: [ view_parse ] --START--
INFO: [ template_filter ] --START--
INFO: Run Behavior\ContentReplaceBehavior [ RunTime:0.000360s ]
INFO: [ template_filter ] --END-- [ RunTime:0.000724s ]
INFO: Run Behavior\ParseTemplateBehavior [ RunTime:0.033090s ]
INFO: [ view_parse ] --END-- [ RunTime:0.033407s ]
INFO: [ view_filter ] --START--
INFO: Run Behavior\WriteHtmlCacheBehavior [ RunTime:0.001076s ]
INFO: [ view_filter ] --END-- [ RunTime:0.001248s ]
INFO: [ app_end ] --START--
INFO: Run Behavior\ShowPageTraceBehavior [ RunTime:0.002754s ]
INFO: [ app_end ] --END-- [ RunTime:0.003176s ]

[ 2015-11-16T21:10:09+08:00 ] ::1 /mbook/index.php/home/index/index.html
ERR: SQLSTATE[HY000] [2002] php_network_getaddresses: getaddrinfo failed: No such host is known. 

[ 2015-11-16T21:34:02+08:00 ] ::1 /mbook/index.php/home/index/type.html
INFO: [ app_begin ] --START--
INFO: Run Behavior\ReadHtmlCacheBehavior [ RunTime:0.002189s ]
INFO: [ app_begin ] --END-- [ RunTime:0.003311s ]
SQL: SHOW COLUMNS FROM `tb_bigtype` [ RunTime:0.0081s ]
SQL: SELECT `b_id`,`b_name` FROM `tb_bigtype`  [ RunTime:0.0010s ]
SQL: SELECT * FROM `tb_bigtype` INNER JOIN tb_smalltype on tb_smalltype.b_id = tb_bigtype.b_id   [ RunTime:0.0011s ]
INFO: [ view_parse ] --START--
INFO: [ template_filter ] --START--
INFO: Run Behavior\ContentReplaceBehavior [ RunTime:0.000221s ]
INFO: [ template_filter ] --END-- [ RunTime:0.000509s ]
INFO: Run Behavior\ParseTemplateBehavior [ RunTime:0.037908s ]
INFO: [ view_parse ] --END-- [ RunTime:0.038181s ]
INFO: [ view_filter ] --START--
INFO: Run Behavior\WriteHtmlCacheBehavior [ RunTime:0.001594s ]
INFO: [ view_filter ] --END-- [ RunTime:0.001804s ]
INFO: [ app_end ] --START--
INFO: Run Behavior\ShowPageTraceBehavior [ RunTime:0.002115s ]
INFO: [ app_end ] --END-- [ RunTime:0.002311s ]

