[ 2015-11-10T09:40:10+08:00 ] 127.0.0.1 /test/index.php
INFO: [ app_init ] --START--
INFO: Run Behavior\BuildLiteBehavior [ RunTime:0.000026s ]
INFO: [ app_init ] --END-- [ RunTime:0.000215s ]
INFO: [ app_begin ] --START--
INFO: Run Behavior\ReadHtmlCacheBehavior [ RunTime:0.002000s ]
INFO: [ app_begin ] --END-- [ RunTime:0.002170s ]
INFO: [ view_parse ] --START--
INFO: [ template_filter ] --START--
INFO: Run Behavior\ContentReplaceBehavior [ RunTime:0.000054s ]
INFO: [ template_filter ] --END-- [ RunTime:0.000248s ]
INFO: Run Behavior\ParseTemplateBehavior [ RunTime:0.016651s ]
INFO: [ view_parse ] --END-- [ RunTime:0.016804s ]
INFO: [ view_filter ] --START--
INFO: Run Behavior\WriteHtmlCacheBehavior [ RunTime:0.001120s ]
INFO: [ view_filter ] --END-- [ RunTime:0.001210s ]
INFO: [ app_end ] --START--
INFO: Run Behavior\ShowPageTraceBehavior [ RunTime:0.001401s ]
INFO: [ app_end ] --END-- [ RunTime:0.001492s ]

[ 2015-11-10T09:44:16+08:00 ] 127.0.0.1 /test/index.php/home/index/book
ERR: SQLSTATE[HY000] [1049] Unknown database 'bookstore'

