[ 2016-11-16T02:02:25+08:00 ] 127.0.0.1 /mbook/index.php/home/index/booktype
ERR: 非法操作:booktype

[ 2016-11-16T02:07:47+08:00 ] 127.0.0.1 /mbook/index.php/home/index/type.html
INFO: [ app_begin ] --START--
INFO: Run Behavior\ReadHtmlCacheBehavior [ RunTime:0.002523s ]
INFO: [ app_begin ] --END-- [ RunTime:0.004095s ]
SQL: SHOW COLUMNS FROM `tb_bigtype` [ RunTime:0.0476s ]
SQL: SELECT `b_id`,`b_name` FROM `tb_bigtype`  [ RunTime:0.0010s ]
SQL: SELECT * FROM `tb_bigtype` INNER JOIN tb_smalltype on tb_smalltype.b_id = tb_bigtype.b_id   [ RunTime:0.0320s ]
INFO: [ view_parse ] --START--
INFO: [ template_filter ] --START--
INFO: Run Behavior\ContentReplaceBehavior [ RunTime:0.000310s ]
INFO: [ template_filter ] --END-- [ RunTime:0.000677s ]
INFO: Run Behavior\ParseTemplateBehavior [ RunTime:0.077523s ]
INFO: [ view_parse ] --END-- [ RunTime:0.077886s ]
INFO: [ view_filter ] --START--
INFO: Run Behavior\WriteHtmlCacheBehavior [ RunTime:0.001471s ]
INFO: [ view_filter ] --END-- [ RunTime:0.001800s ]
INFO: [ app_end ] --START--
INFO: Run Behavior\ShowPageTraceBehavior [ RunTime:0.002149s ]
INFO: [ app_end ] --END-- [ RunTime:0.002425s ]

[ 2016-11-16T02:21:46+08:00 ] 127.0.0.1 /mbook/index.php/home/index/type.html
INFO: [ app_begin ] --START--
INFO: Run Behavior\ReadHtmlCacheBehavior [ RunTime:0.002028s ]
INFO: [ app_begin ] --END-- [ RunTime:0.003429s ]
SQL: SHOW COLUMNS FROM `tb_bigtype` [ RunTime:0.0098s ]
SQL: SELECT `b_id`,`b_name` FROM `tb_bigtype`  [ RunTime:0.0008s ]
SQL: SELECT * FROM `tb_bigtype` INNER JOIN tb_smalltype on tb_smalltype.b_id = tb_bigtype.b_id   [ RunTime:0.0009s ]
INFO: [ view_parse ] --START--
INFO: [ template_filter ] --START--
INFO: Run Behavior\ContentReplaceBehavior [ RunTime:0.000224s ]
INFO: [ template_filter ] --END-- [ RunTime:0.000543s ]
INFO: Run Behavior\ParseTemplateBehavior [ RunTime:0.029707s ]
INFO: [ view_parse ] --END-- [ RunTime:0.029988s ]
INFO: [ view_filter ] --START--
INFO: Run Behavior\WriteHtmlCacheBehavior [ RunTime:0.001172s ]
INFO: [ view_filter ] --END-- [ RunTime:0.001432s ]
INFO: [ app_end ] --START--
INFO: Run Behavior\ShowPageTraceBehavior [ RunTime:0.003533s ]
INFO: [ app_end ] --END-- [ RunTime:0.003985s ]

[ 2016-11-16T02:22:20+08:00 ] 127.0.0.1 /mbook/index.php/home/index/type.html
INFO: [ app_begin ] --START--
INFO: Run Behavior\ReadHtmlCacheBehavior [ RunTime:0.002121s ]
INFO: [ app_begin ] --END-- [ RunTime:0.003629s ]
SQL: SHOW COLUMNS FROM `tb_bigtype` [ RunTime:0.0083s ]
SQL: SELECT `b_id`,`b_name` FROM `tb_bigtype`  [ RunTime:0.0008s ]
SQL: SELECT * FROM `tb_bigtype` INNER JOIN tb_smalltype on tb_smalltype.b_id = tb_bigtype.b_id   [ RunTime:0.0007s ]
INFO: [ view_parse ] --START--
INFO: [ template_filter ] --START--
INFO: Run Behavior\ContentReplaceBehavior [ RunTime:0.000141s ]
INFO: [ template_filter ] --END-- [ RunTime:0.000342s ]
INFO: Run Behavior\ParseTemplateBehavior [ RunTime:0.027399s ]
INFO: [ view_parse ] --END-- [ RunTime:0.027605s ]
INFO: [ view_filter ] --START--
INFO: Run Behavior\WriteHtmlCacheBehavior [ RunTime:0.000869s ]
INFO: [ view_filter ] --END-- [ RunTime:0.001034s ]
INFO: [ app_end ] --START--
INFO: Run Behavior\ShowPageTraceBehavior [ RunTime:0.004256s ]
INFO: [ app_end ] --END-- [ RunTime:0.004601s ]

[ 2016-11-16T02:22:22+08:00 ] 127.0.0.1 /mbook/index.php/home/index/index.html
INFO: [ app_begin ] --START--
INFO: Run Behavior\ReadHtmlCacheBehavior [ RunTime:0.001389s ]
INFO: [ app_begin ] --END-- [ RunTime:0.002233s ]
SQL: SHOW COLUMNS FROM `tb_book` [ RunTime:0.0112s ]
SQL: SELECT `book_id`,`book_name`,`book_newPrice`,`book_img` FROM `tb_book` WHERE ( book_isSepprice=1 ) LIMIT 1   [ RunTime:0.0007s ]
INFO: [ view_parse ] --START--
INFO: [ template_filter ] --START--
INFO: Run Behavior\ContentReplaceBehavior [ RunTime:0.000189s ]
INFO: [ template_filter ] --END-- [ RunTime:0.000396s ]
INFO: Run Behavior\ParseTemplateBehavior [ RunTime:0.019273s ]
INFO: [ view_parse ] --END-- [ RunTime:0.019540s ]
INFO: [ view_filter ] --START--
INFO: Run Behavior\WriteHtmlCacheBehavior [ RunTime:0.001202s ]
INFO: [ view_filter ] --END-- [ RunTime:0.001424s ]
INFO: [ app_end ] --START--
INFO: Run Behavior\ShowPageTraceBehavior [ RunTime:0.002263s ]
INFO: [ app_end ] --END-- [ RunTime:0.002507s ]

[ 2016-11-16T02:22:25+08:00 ] 127.0.0.1 /mbook/index.php/home/index/type.html
INFO: [ app_begin ] --START--
INFO: Run Behavior\ReadHtmlCacheBehavior [ RunTime:0.001825s ]
INFO: [ app_begin ] --END-- [ RunTime:0.003418s ]
SQL: SHOW COLUMNS FROM `tb_bigtype` [ RunTime:0.0084s ]
SQL: SELECT `b_id`,`b_name` FROM `tb_bigtype`  [ RunTime:0.0009s ]
SQL: SELECT * FROM `tb_bigtype` INNER JOIN tb_smalltype on tb_smalltype.b_id = tb_bigtype.b_id   [ RunTime:0.0012s ]
INFO: [ view_parse ] --START--
INFO: [ template_filter ] --START--
INFO: Run Behavior\ContentReplaceBehavior [ RunTime:0.000216s ]
INFO: [ template_filter ] --END-- [ RunTime:0.000531s ]
INFO: Run Behavior\ParseTemplateBehavior [ RunTime:0.034281s ]
INFO: [ view_parse ] --END-- [ RunTime:0.034670s ]
INFO: [ view_filter ] --START--
INFO: Run Behavior\WriteHtmlCacheBehavior [ RunTime:0.001382s ]
INFO: [ view_filter ] --END-- [ RunTime:0.001695s ]
INFO: [ app_end ] --START--
INFO: Run Behavior\ShowPageTraceBehavior [ RunTime:0.002667s ]
INFO: [ app_end ] --END-- [ RunTime:0.002987s ]

