[ 2016-11-29T08:54:01+08:00 ] 127.0.0.1 /index.php/Home/user/showLogin
INFO: [ app_begin ] --START--
INFO: Run Behavior\ReadHtmlCacheBehavior [ RunTime:0.000389s ]
INFO: [ app_begin ] --END-- [ RunTime:0.000692s ]
INFO: [ view_parse ] --START--
INFO: [ template_filter ] --START--
INFO: Run Behavior\ContentReplaceBehavior [ RunTime:0.000028s ]
INFO: [ template_filter ] --END-- [ RunTime:0.000058s ]
INFO: Run Behavior\ParseTemplateBehavior [ RunTime:0.003898s ]
INFO: [ view_parse ] --END-- [ RunTime:0.003933s ]
INFO: [ view_filter ] --START--
INFO: Run Behavior\WriteHtmlCacheBehavior [ RunTime:0.000288s ]
INFO: [ view_filter ] --END-- [ RunTime:0.000315s ]
INFO: [ app_end ] --START--
INFO: Run Behavior\ShowPageTraceBehavior [ RunTime:0.000460s ]
INFO: [ app_end ] --END-- [ RunTime:0.000488s ]

[ 2016-11-29T09:00:53+08:00 ] 127.0.0.1 /index.php/Home/User/login
ERR: SQLSTATE[42000]: Syntax error or access violation: 1064 You have an error in your SQL syntax; check the manual that corresponds to your MySQL server version for the right syntax to use near ''qwe )' at line 1

[ 2016-11-29T09:09:11+08:00 ] 127.0.0.1 /index.php/Home/user/showLogin
INFO: [ app_begin ] --START--
INFO: Run Behavior\ReadHtmlCacheBehavior [ RunTime:0.000493s ]
INFO: [ app_begin ] --END-- [ RunTime:0.000843s ]
INFO: [ view_parse ] --START--
INFO: [ template_filter ] --START--
INFO: Run Behavior\ContentReplaceBehavior [ RunTime:0.000032s ]
INFO: [ template_filter ] --END-- [ RunTime:0.000071s ]
INFO: Run Behavior\ParseTemplateBehavior [ RunTime:0.004263s ]
INFO: [ view_parse ] --END-- [ RunTime:0.004299s ]
INFO: [ view_filter ] --START--
INFO: Run Behavior\WriteHtmlCacheBehavior [ RunTime:0.000364s ]
INFO: [ view_filter ] --END-- [ RunTime:0.000391s ]
INFO: [ app_end ] --START--
INFO: Run Behavior\ShowPageTraceBehavior [ RunTime:0.000547s ]
INFO: [ app_end ] --END-- [ RunTime:0.000578s ]

[ 2016-11-29T09:09:12+08:00 ] 127.0.0.1 /index.php/Home/retrieve.html
ERR: 无法加载控制器:Retrieve

[ 2016-11-29T09:09:38+08:00 ] 127.0.0.1 /index.php/Home/retrieve.html
ERR: 无法加载控制器:Retrieve

[ 2016-11-29T09:09:40+08:00 ] 127.0.0.1 /index.php/Home/retrieve.html
ERR: 无法加载控制器:Retrieve

[ 2016-11-29T09:14:12+08:00 ] 127.0.0.1 /index.php/Home/User/retrievePwd
ERR: SQLSTATE[42000]: Syntax error or access violation: 1064 You have an error in your SQL syntax; check the manual that corresponds to your MySQL server version for the right syntax to use near 'user')' ) LIMIT 1' at line 1

[ 2016-11-29T09:14:21+08:00 ] 127.0.0.1 /index.php/Home/User/retrievePwd
ERR: SQLSTATE[42000]: Syntax error or access violation: 1064 You have an error in your SQL syntax; check the manual that corresponds to your MySQL server version for the right syntax to use near 'user')' ) LIMIT 1' at line 1

[ 2016-11-29T09:14:27+08:00 ] 127.0.0.1 /index.php/Home/Index/index.html
INFO: [ app_begin ] --START--
INFO: Run Behavior\ReadHtmlCacheBehavior [ RunTime:0.000440s ]
INFO: [ app_begin ] --END-- [ RunTime:0.000799s ]
SQL: SHOW COLUMNS FROM `tb_book` [ RunTime:0.0025s ]
SQL: SELECT `book_id`,`book_name`,`book_newPrice`,`book_img` FROM `tb_book` WHERE ( book_isSepprice=1 ) LIMIT 1   [ RunTime:0.0003s ]
INFO: [ view_parse ] --START--
INFO: [ template_filter ] --START--
INFO: Run Behavior\ContentReplaceBehavior [ RunTime:0.000035s ]
INFO: [ template_filter ] --END-- [ RunTime:0.000064s ]
INFO: Run Behavior\ParseTemplateBehavior [ RunTime:0.004531s ]
INFO: [ view_parse ] --END-- [ RunTime:0.004574s ]
INFO: [ view_filter ] --START--
INFO: Run Behavior\WriteHtmlCacheBehavior [ RunTime:0.000374s ]
INFO: [ view_filter ] --END-- [ RunTime:0.000399s ]
INFO: [ app_end ] --START--
INFO: Run Behavior\ShowPageTraceBehavior [ RunTime:0.000529s ]
INFO: [ app_end ] --END-- [ RunTime:0.000565s ]

[ 2016-11-29T09:14:42+08:00 ] 127.0.0.1 /index.php/Home/Index/index.html
INFO: [ app_begin ] --START--
INFO: Run Behavior\ReadHtmlCacheBehavior [ RunTime:0.000435s ]
INFO: [ app_begin ] --END-- [ RunTime:0.000799s ]
SQL: SHOW COLUMNS FROM `tb_book` [ RunTime:0.0028s ]
SQL: SELECT `book_id`,`book_name`,`book_newPrice`,`book_img` FROM `tb_book` WHERE ( book_isSepprice=1 ) LIMIT 1   [ RunTime:0.0003s ]
INFO: [ view_parse ] --START--
INFO: [ template_filter ] --START--
INFO: Run Behavior\ContentReplaceBehavior [ RunTime:0.000041s ]
INFO: [ template_filter ] --END-- [ RunTime:0.000086s ]
INFO: Run Behavior\ParseTemplateBehavior [ RunTime:0.004798s ]
INFO: [ view_parse ] --END-- [ RunTime:0.004840s ]
INFO: [ view_filter ] --START--
INFO: Run Behavior\WriteHtmlCacheBehavior [ RunTime:0.000402s ]
INFO: [ view_filter ] --END-- [ RunTime:0.000429s ]
INFO: [ app_end ] --START--
INFO: Run Behavior\ShowPageTraceBehavior [ RunTime:0.000543s ]
INFO: [ app_end ] --END-- [ RunTime:0.000572s ]

[ 2016-11-29T09:17:15+08:00 ] 127.0.0.1 /index.php/Home/User/retrievePwd
ERR: SQLSTATE[42000]: Syntax error or access violation: 1064 You have an error in your SQL syntax; check the manual that corresponds to your MySQL server version for the right syntax to use near '@qq.com ) LIMIT 1' at line 1

[ 2016-11-29T09:17:40+08:00 ] 127.0.0.1 /index.php/Home/User/retrievePwd
ERR: SQLSTATE[42000]: Syntax error or access violation: 1064 You have an error in your SQL syntax; check the manual that corresponds to your MySQL server version for the right syntax to use near '@qq.com ) LIMIT 1' at line 1

[ 2016-11-29T09:26:03+08:00 ] 127.0.0.1 /index.php/Home/Index/index.html
INFO: [ app_begin ] --START--
INFO: Run Behavior\ReadHtmlCacheBehavior [ RunTime:0.000525s ]
INFO: [ app_begin ] --END-- [ RunTime:0.000907s ]
SQL: SHOW COLUMNS FROM `tb_book` [ RunTime:0.0026s ]
SQL: SELECT `book_id`,`book_name`,`book_newPrice`,`book_img` FROM `tb_book` WHERE ( book_isSepprice=1 ) LIMIT 1   [ RunTime:0.0002s ]
INFO: [ view_parse ] --START--
INFO: [ template_filter ] --START--
INFO: Run Behavior\ContentReplaceBehavior [ RunTime:0.000035s ]
INFO: [ template_filter ] --END-- [ RunTime:0.000065s ]
INFO: Run Behavior\ParseTemplateBehavior [ RunTime:0.004408s ]
INFO: [ view_parse ] --END-- [ RunTime:0.004443s ]
INFO: [ view_filter ] --START--
INFO: Run Behavior\WriteHtmlCacheBehavior [ RunTime:0.000393s ]
INFO: [ view_filter ] --END-- [ RunTime:0.000419s ]
INFO: [ app_end ] --START--
INFO: Run Behavior\ShowPageTraceBehavior [ RunTime:0.000560s ]
INFO: [ app_end ] --END-- [ RunTime:0.000611s ]

[ 2016-11-29T09:47:41+08:00 ] 127.0.0.1 /index.php/Home/Index/index.html
INFO: [ app_begin ] --START--
INFO: Run Behavior\ReadHtmlCacheBehavior [ RunTime:0.000358s ]
INFO: [ app_begin ] --END-- [ RunTime:0.000650s ]
SQL: SHOW COLUMNS FROM `tb_book` [ RunTime:0.0026s ]
SQL: SELECT `book_id`,`book_name`,`book_newPrice`,`book_img` FROM `tb_book` WHERE ( book_isSepprice=1 ) LIMIT 1   [ RunTime:0.0002s ]
INFO: [ view_parse ] --START--
INFO: [ template_filter ] --START--
INFO: Run Behavior\ContentReplaceBehavior [ RunTime:0.000035s ]
INFO: [ template_filter ] --END-- [ RunTime:0.000064s ]
INFO: Run Behavior\ParseTemplateBehavior [ RunTime:0.004112s ]
INFO: [ view_parse ] --END-- [ RunTime:0.004146s ]
INFO: [ view_filter ] --START--
INFO: Run Behavior\WriteHtmlCacheBehavior [ RunTime:0.000342s ]
INFO: [ view_filter ] --END-- [ RunTime:0.000377s ]
INFO: [ app_end ] --START--
INFO: Run Behavior\ShowPageTraceBehavior [ RunTime:0.000492s ]
INFO: [ app_end ] --END-- [ RunTime:0.000519s ]

[ 2016-11-29T09:47:44+08:00 ] 127.0.0.1 /index.php/Home/user/showLogin
INFO: [ app_begin ] --START--
INFO: Run Behavior\ReadHtmlCacheBehavior [ RunTime:0.000464s ]
INFO: [ app_begin ] --END-- [ RunTime:0.000840s ]
INFO: [ view_parse ] --START--
INFO: [ template_filter ] --START--
INFO: Run Behavior\ContentReplaceBehavior [ RunTime:0.000030s ]
INFO: [ template_filter ] --END-- [ RunTime:0.000059s ]
INFO: Run Behavior\ParseTemplateBehavior [ RunTime:0.004165s ]
INFO: [ view_parse ] --END-- [ RunTime:0.004200s ]
INFO: [ view_filter ] --START--
INFO: Run Behavior\WriteHtmlCacheBehavior [ RunTime:0.000409s ]
INFO: [ view_filter ] --END-- [ RunTime:0.000435s ]
INFO: [ app_end ] --START--
INFO: Run Behavior\ShowPageTraceBehavior [ RunTime:0.000526s ]
INFO: [ app_end ] --END-- [ RunTime:0.000556s ]

[ 2016-11-29T09:48:20+08:00 ] 127.0.0.1 /index.php/Home/User/index/showLogin
ERR: 非法操作:index

[ 2016-11-29T09:48:35+08:00 ] 127.0.0.1 /index.php/Home/User/index/showLogin
ERR: 非法操作:index

[ 2016-11-29T09:50:27+08:00 ] 127.0.0.1 /index.php/Home/user/showLogin
INFO: [ app_begin ] --START--
INFO: Run Behavior\ReadHtmlCacheBehavior [ RunTime:0.000409s ]
INFO: [ app_begin ] --END-- [ RunTime:0.000734s ]
INFO: [ view_parse ] --START--
INFO: [ template_filter ] --START--
INFO: Run Behavior\ContentReplaceBehavior [ RunTime:0.000032s ]
INFO: [ template_filter ] --END-- [ RunTime:0.000068s ]
INFO: Run Behavior\ParseTemplateBehavior [ RunTime:0.004425s ]
INFO: [ view_parse ] --END-- [ RunTime:0.004460s ]
INFO: [ view_filter ] --START--
INFO: Run Behavior\WriteHtmlCacheBehavior [ RunTime:0.000395s ]
INFO: [ view_filter ] --END-- [ RunTime:0.000421s ]
INFO: [ app_end ] --START--
INFO: Run Behavior\ShowPageTraceBehavior [ RunTime:0.000537s ]
INFO: [ app_end ] --END-- [ RunTime:0.000568s ]

[ 2016-11-29T09:52:34+08:00 ] 127.0.0.1 /index.php/Home/user/showLogin
INFO: [ app_begin ] --START--
INFO: Run Behavior\ReadHtmlCacheBehavior [ RunTime:0.000479s ]
INFO: [ app_begin ] --END-- [ RunTime:0.000825s ]
INFO: [ view_parse ] --START--
INFO: [ template_filter ] --START--
INFO: Run Behavior\ContentReplaceBehavior [ RunTime:0.000028s ]
INFO: [ template_filter ] --END-- [ RunTime:0.000056s ]
INFO: Run Behavior\ParseTemplateBehavior [ RunTime:0.004171s ]
INFO: [ view_parse ] --END-- [ RunTime:0.004204s ]
INFO: [ view_filter ] --START--
INFO: Run Behavior\WriteHtmlCacheBehavior [ RunTime:0.000372s ]
INFO: [ view_filter ] --END-- [ RunTime:0.000399s ]
INFO: [ app_end ] --START--
INFO: Run Behavior\ShowPageTraceBehavior [ RunTime:0.000511s ]
INFO: [ app_end ] --END-- [ RunTime:0.000539s ]

[ 2016-11-29T10:04:41+08:00 ] 127.0.0.1 /index.php/Home/user/showLogin
INFO: [ app_begin ] --START--
INFO: Run Behavior\ReadHtmlCacheBehavior [ RunTime:0.000527s ]
INFO: [ app_begin ] --END-- [ RunTime:0.000901s ]
INFO: [ view_parse ] --START--
INFO: [ template_filter ] --START--
INFO: Run Behavior\ContentReplaceBehavior [ RunTime:0.000027s ]
INFO: [ template_filter ] --END-- [ RunTime:0.000056s ]
INFO: Run Behavior\ParseTemplateBehavior [ RunTime:0.004277s ]
INFO: [ view_parse ] --END-- [ RunTime:0.004310s ]
INFO: [ view_filter ] --START--
INFO: Run Behavior\WriteHtmlCacheBehavior [ RunTime:0.000424s ]
INFO: [ view_filter ] --END-- [ RunTime:0.000459s ]
INFO: [ app_end ] --START--
INFO: Run Behavior\ShowPageTraceBehavior [ RunTime:0.000518s ]
INFO: [ app_end ] --END-- [ RunTime:0.000546s ]

[ 2016-11-29T10:06:54+08:00 ] 127.0.0.1 /index.php/Home/Index/index.html
INFO: [ app_begin ] --START--
INFO: Run Behavior\ReadHtmlCacheBehavior [ RunTime:0.000480s ]
INFO: [ app_begin ] --END-- [ RunTime:0.000823s ]
SQL: SHOW COLUMNS FROM `tb_book` [ RunTime:0.0028s ]
SQL: SELECT `book_id`,`book_name`,`book_newPrice`,`book_img` FROM `tb_book` WHERE ( book_isSepprice=1 ) LIMIT 1   [ RunTime:0.0003s ]
INFO: [ view_parse ] --START--
INFO: [ template_filter ] --START--
INFO: Run Behavior\ContentReplaceBehavior [ RunTime:0.000038s ]
INFO: [ template_filter ] --END-- [ RunTime:0.000076s ]
INFO: Run Behavior\ParseTemplateBehavior [ RunTime:0.004547s ]
INFO: [ view_parse ] --END-- [ RunTime:0.004583s ]
INFO: [ view_filter ] --START--
INFO: Run Behavior\WriteHtmlCacheBehavior [ RunTime:0.000347s ]
INFO: [ view_filter ] --END-- [ RunTime:0.000375s ]
INFO: [ app_end ] --START--
INFO: Run Behavior\ShowPageTraceBehavior [ RunTime:0.000524s ]
INFO: [ app_end ] --END-- [ RunTime:0.000558s ]

[ 2016-11-29T10:08:55+08:00 ] 127.0.0.1 /index.php/Home/user/showLogin
INFO: [ app_begin ] --START--
INFO: Run Behavior\ReadHtmlCacheBehavior [ RunTime:0.000454s ]
INFO: [ app_begin ] --END-- [ RunTime:0.000765s ]
INFO: [ view_parse ] --START--
INFO: [ template_filter ] --START--
INFO: Run Behavior\ContentReplaceBehavior [ RunTime:0.000030s ]
INFO: [ template_filter ] --END-- [ RunTime:0.000061s ]
INFO: Run Behavior\ParseTemplateBehavior [ RunTime:0.004201s ]
INFO: [ view_parse ] --END-- [ RunTime:0.004235s ]
INFO: [ view_filter ] --START--
INFO: Run Behavior\WriteHtmlCacheBehavior [ RunTime:0.000394s ]
INFO: [ view_filter ] --END-- [ RunTime:0.000421s ]
INFO: [ app_end ] --START--
INFO: Run Behavior\ShowPageTraceBehavior [ RunTime:0.000538s ]
INFO: [ app_end ] --END-- [ RunTime:0.000568s ]

[ 2016-11-29T10:09:16+08:00 ] 127.0.0.1 /index.php/Home/user/showLogin
INFO: [ app_begin ] --START--
INFO: Run Behavior\ReadHtmlCacheBehavior [ RunTime:0.000383s ]
INFO: [ app_begin ] --END-- [ RunTime:0.000711s ]
INFO: [ view_parse ] --START--
INFO: [ template_filter ] --START--
INFO: Run Behavior\ContentReplaceBehavior [ RunTime:0.000030s ]
INFO: [ template_filter ] --END-- [ RunTime:0.000062s ]
INFO: Run Behavior\ParseTemplateBehavior [ RunTime:0.003889s ]
INFO: [ view_parse ] --END-- [ RunTime:0.003925s ]
INFO: [ view_filter ] --START--
INFO: Run Behavior\WriteHtmlCacheBehavior [ RunTime:0.000382s ]
INFO: [ view_filter ] --END-- [ RunTime:0.000409s ]
INFO: [ app_end ] --START--
INFO: Run Behavior\ShowPageTraceBehavior [ RunTime:0.000490s ]
INFO: [ app_end ] --END-- [ RunTime:0.000520s ]

[ 2016-11-29T10:13:26+08:00 ] 127.0.0.1 /index.php/Home/user/showLogin
INFO: [ app_begin ] --START--
INFO: Run Behavior\ReadHtmlCacheBehavior [ RunTime:0.000394s ]
INFO: [ app_begin ] --END-- [ RunTime:0.000728s ]
INFO: [ view_parse ] --START--
INFO: [ template_filter ] --START--
INFO: Run Behavior\ContentReplaceBehavior [ RunTime:0.000032s ]
INFO: [ template_filter ] --END-- [ RunTime:0.000065s ]
INFO: Run Behavior\ParseTemplateBehavior [ RunTime:0.004285s ]
INFO: [ view_parse ] --END-- [ RunTime:0.004320s ]
INFO: [ view_filter ] --START--
INFO: Run Behavior\WriteHtmlCacheBehavior [ RunTime:0.000351s ]
INFO: [ view_filter ] --END-- [ RunTime:0.000378s ]
INFO: [ app_end ] --START--
INFO: Run Behavior\ShowPageTraceBehavior [ RunTime:0.000481s ]
INFO: [ app_end ] --END-- [ RunTime:0.000510s ]

[ 2016-11-29T10:13:45+08:00 ] 127.0.0.1 /index.php/Home/user/showLogin
INFO: [ app_begin ] --START--
INFO: Run Behavior\ReadHtmlCacheBehavior [ RunTime:0.000489s ]
INFO: [ app_begin ] --END-- [ RunTime:0.000809s ]
INFO: [ view_parse ] --START--
INFO: [ template_filter ] --START--
INFO: Run Behavior\ContentReplaceBehavior [ RunTime:0.000035s ]
INFO: [ template_filter ] --END-- [ RunTime:0.000078s ]
INFO: Run Behavior\ParseTemplateBehavior [ RunTime:0.004575s ]
INFO: [ view_parse ] --END-- [ RunTime:0.004610s ]
INFO: [ view_filter ] --START--
INFO: Run Behavior\WriteHtmlCacheBehavior [ RunTime:0.000407s ]
INFO: [ view_filter ] --END-- [ RunTime:0.000434s ]
INFO: [ app_end ] --START--
INFO: Run Behavior\ShowPageTraceBehavior [ RunTime:0.000556s ]
INFO: [ app_end ] --END-- [ RunTime:0.000586s ]

[ 2016-11-29T10:15:04+08:00 ] 127.0.0.1 /index.php/Home/Index/index.html
INFO: [ app_begin ] --START--
INFO: Run Behavior\ReadHtmlCacheBehavior [ RunTime:0.000455s ]
INFO: [ app_begin ] --END-- [ RunTime:0.000825s ]
SQL: SHOW COLUMNS FROM `tb_book` [ RunTime:0.0027s ]
SQL: SELECT `book_id`,`book_name`,`book_newPrice`,`book_img` FROM `tb_book` WHERE ( book_isSepprice=1 ) LIMIT 1   [ RunTime:0.0003s ]
INFO: [ view_parse ] --START--
INFO: [ template_filter ] --START--
INFO: Run Behavior\ContentReplaceBehavior [ RunTime:0.000037s ]
INFO: [ template_filter ] --END-- [ RunTime:0.000073s ]
INFO: Run Behavior\ParseTemplateBehavior [ RunTime:0.004755s ]
INFO: [ view_parse ] --END-- [ RunTime:0.004790s ]
INFO: [ view_filter ] --START--
INFO: Run Behavior\WriteHtmlCacheBehavior [ RunTime:0.000370s ]
INFO: [ view_filter ] --END-- [ RunTime:0.000400s ]
INFO: [ app_end ] --START--
INFO: Run Behavior\ShowPageTraceBehavior [ RunTime:0.000524s ]
INFO: [ app_end ] --END-- [ RunTime:0.000552s ]

[ 2016-11-29T10:15:24+08:00 ] 127.0.0.1 /index.php/Home/user/showLogin
INFO: [ app_begin ] --START--
INFO: Run Behavior\ReadHtmlCacheBehavior [ RunTime:0.000409s ]
INFO: [ app_begin ] --END-- [ RunTime:0.000830s ]
INFO: [ view_parse ] --START--
INFO: [ template_filter ] --START--
INFO: Run Behavior\ContentReplaceBehavior [ RunTime:0.000028s ]
INFO: [ template_filter ] --END-- [ RunTime:0.000057s ]
INFO: Run Behavior\ParseTemplateBehavior [ RunTime:0.004216s ]
INFO: [ view_parse ] --END-- [ RunTime:0.004249s ]
INFO: [ view_filter ] --START--
INFO: Run Behavior\WriteHtmlCacheBehavior [ RunTime:0.000389s ]
INFO: [ view_filter ] --END-- [ RunTime:0.000414s ]
INFO: [ app_end ] --START--
INFO: Run Behavior\ShowPageTraceBehavior [ RunTime:0.000671s ]
INFO: [ app_end ] --END-- [ RunTime:0.000701s ]

[ 2016-11-29T10:22:55+08:00 ] 127.0.0.1 /index.php/Home/Index/index.html
ERR: Think\Controller:assgin方法不存在！

[ 2016-11-29T10:26:20+08:00 ] 127.0.0.1 /index.php/Home/user/showLogin
INFO: [ app_begin ] --START--
INFO: Run Behavior\ReadHtmlCacheBehavior [ RunTime:0.000458s ]
INFO: [ app_begin ] --END-- [ RunTime:0.000785s ]
INFO: [ view_parse ] --START--
INFO: [ template_filter ] --START--
INFO: Run Behavior\ContentReplaceBehavior [ RunTime:0.000030s ]
INFO: [ template_filter ] --END-- [ RunTime:0.000062s ]
INFO: Run Behavior\ParseTemplateBehavior [ RunTime:0.004135s ]
INFO: [ view_parse ] --END-- [ RunTime:0.004171s ]
INFO: [ view_filter ] --START--
INFO: Run Behavior\WriteHtmlCacheBehavior [ RunTime:0.000361s ]
INFO: [ view_filter ] --END-- [ RunTime:0.000387s ]
INFO: [ app_end ] --START--
INFO: Run Behavior\ShowPageTraceBehavior [ RunTime:0.000496s ]
INFO: [ app_end ] --END-- [ RunTime:0.000526s ]

[ 2016-11-29T10:29:51+08:00 ] 127.0.0.1 /index.php/Home/user/showLogin
INFO: [ app_begin ] --START--
INFO: Run Behavior\ReadHtmlCacheBehavior [ RunTime:0.000412s ]
INFO: [ app_begin ] --END-- [ RunTime:0.000734s ]
INFO: [ view_parse ] --START--
INFO: [ template_filter ] --START--
INFO: Run Behavior\ContentReplaceBehavior [ RunTime:0.000031s ]
INFO: [ template_filter ] --END-- [ RunTime:0.000066s ]
NOTIC: [8] Undefined variable: url E:\thinkphp\Application\shop\mbook11.23\Application\Runtime\Cache\Home\5c9ee6d19cd41add49f97afe3aef0b25.php 第 15 行.
INFO: Run Behavior\ParseTemplateBehavior [ RunTime:0.004077s ]
INFO: [ view_parse ] --END-- [ RunTime:0.004109s ]
INFO: [ view_filter ] --START--
INFO: Run Behavior\WriteHtmlCacheBehavior [ RunTime:0.000346s ]
INFO: [ view_filter ] --END-- [ RunTime:0.000373s ]
INFO: [ app_end ] --START--
INFO: Run Behavior\ShowPageTraceBehavior [ RunTime:0.000452s ]
INFO: [ app_end ] --END-- [ RunTime:0.000484s ]

[ 2016-11-29T10:46:37+08:00 ] 127.0.0.1 /index.php/Home//user/changeInfo
INFO: [ app_begin ] --START--
INFO: Run Behavior\ReadHtmlCacheBehavior [ RunTime:0.000374s ]
INFO: [ app_begin ] --END-- [ RunTime:0.000664s ]
INFO: [ view_parse ] --START--
INFO: [ template_filter ] --START--
INFO: Run Behavior\ContentReplaceBehavior [ RunTime:0.000031s ]
INFO: [ template_filter ] --END-- [ RunTime:0.000064s ]
INFO: Run Behavior\ParseTemplateBehavior [ RunTime:0.020040s ]
INFO: [ view_parse ] --END-- [ RunTime:0.020085s ]
INFO: [ view_filter ] --START--
INFO: Run Behavior\WriteHtmlCacheBehavior [ RunTime:0.000319s ]
INFO: [ view_filter ] --END-- [ RunTime:0.000347s ]
INFO: [ app_end ] --START--
INFO: Run Behavior\ShowPageTraceBehavior [ RunTime:0.000495s ]
INFO: [ app_end ] --END-- [ RunTime:0.000525s ]

[ 2016-11-29T11:01:30+08:00 ] 127.0.0.1 /
INFO: [ app_begin ] --START--
INFO: Run Behavior\ReadHtmlCacheBehavior [ RunTime:0.000500s ]
INFO: [ app_begin ] --END-- [ RunTime:0.000865s ]
SQL: SHOW COLUMNS FROM `tb_book` [ RunTime:0.0032s ]
SQL: SELECT `book_id`,`book_name`,`book_newPrice`,`book_img` FROM `tb_book` WHERE ( book_isSepprice=1 ) LIMIT 1   [ RunTime:0.0003s ]
INFO: [ view_parse ] --START--
INFO: [ template_filter ] --START--
INFO: Run Behavior\ContentReplaceBehavior [ RunTime:0.000045s ]
INFO: [ template_filter ] --END-- [ RunTime:0.000076s ]
INFO: Run Behavior\ParseTemplateBehavior [ RunTime:0.004648s ]
INFO: [ view_parse ] --END-- [ RunTime:0.004683s ]
INFO: [ view_filter ] --START--
INFO: Run Behavior\WriteHtmlCacheBehavior [ RunTime:0.000351s ]
INFO: [ view_filter ] --END-- [ RunTime:0.000375s ]
INFO: [ app_end ] --START--
INFO: Run Behavior\ShowPageTraceBehavior [ RunTime:0.000484s ]
INFO: [ app_end ] --END-- [ RunTime:0.000521s ]

[ 2016-11-29T11:04:58+08:00 ] 127.0.0.1 /index.php/Home/index/index.html
INFO: [ app_begin ] --START--
INFO: Run Behavior\ReadHtmlCacheBehavior [ RunTime:0.000432s ]
INFO: [ app_begin ] --END-- [ RunTime:0.000739s ]
SQL: SHOW COLUMNS FROM `tb_book` [ RunTime:0.0027s ]
SQL: SELECT `book_id`,`book_name`,`book_newPrice`,`book_img` FROM `tb_book` WHERE ( book_isSepprice=1 ) LIMIT 1   [ RunTime:0.0002s ]
INFO: [ view_parse ] --START--
INFO: [ template_filter ] --START--
INFO: Run Behavior\ContentReplaceBehavior [ RunTime:0.000037s ]
INFO: [ template_filter ] --END-- [ RunTime:0.000071s ]
INFO: Run Behavior\ParseTemplateBehavior [ RunTime:0.004515s ]
INFO: [ view_parse ] --END-- [ RunTime:0.004553s ]
INFO: [ view_filter ] --START--
INFO: Run Behavior\WriteHtmlCacheBehavior [ RunTime:0.000352s ]
INFO: [ view_filter ] --END-- [ RunTime:0.000379s ]
INFO: [ app_end ] --START--
INFO: Run Behavior\ShowPageTraceBehavior [ RunTime:0.000457s ]
INFO: [ app_end ] --END-- [ RunTime:0.000489s ]

[ 2016-11-29T20:23:02+08:00 ] 127.0.0.1 /index.php/Home/user/showLogin
INFO: [ app_begin ] --START--
INFO: Run Behavior\ReadHtmlCacheBehavior [ RunTime:0.000458s ]
INFO: [ app_begin ] --END-- [ RunTime:0.000823s ]
INFO: [ view_parse ] --START--
INFO: [ template_filter ] --START--
INFO: Run Behavior\ContentReplaceBehavior [ RunTime:0.000031s ]
INFO: [ template_filter ] --END-- [ RunTime:0.000064s ]
INFO: Run Behavior\ParseTemplateBehavior [ RunTime:0.005707s ]
INFO: [ view_parse ] --END-- [ RunTime:0.005744s ]
INFO: [ view_filter ] --START--
INFO: Run Behavior\WriteHtmlCacheBehavior [ RunTime:0.000396s ]
INFO: [ view_filter ] --END-- [ RunTime:0.000424s ]
INFO: [ app_end ] --START--
INFO: Run Behavior\ShowPageTraceBehavior [ RunTime:0.000447s ]
INFO: [ app_end ] --END-- [ RunTime:0.000477s ]

[ 2016-11-29T20:23:17+08:00 ] 127.0.0.1 /index.php/Home/user/changeInfo
INFO: [ app_begin ] --START--
INFO: Run Behavior\ReadHtmlCacheBehavior [ RunTime:0.000408s ]
INFO: [ app_begin ] --END-- [ RunTime:0.000732s ]
INFO: [ view_parse ] --START--
INFO: [ template_filter ] --START--
INFO: Run Behavior\ContentReplaceBehavior [ RunTime:0.000032s ]
INFO: [ template_filter ] --END-- [ RunTime:0.000065s ]
INFO: Run Behavior\ParseTemplateBehavior [ RunTime:0.005940s ]
INFO: [ view_parse ] --END-- [ RunTime:0.005982s ]
INFO: [ view_filter ] --START--
INFO: Run Behavior\WriteHtmlCacheBehavior [ RunTime:0.000412s ]
INFO: [ view_filter ] --END-- [ RunTime:0.000439s ]
INFO: [ app_end ] --START--
INFO: Run Behavior\ShowPageTraceBehavior [ RunTime:0.000442s ]
INFO: [ app_end ] --END-- [ RunTime:0.000471s ]

[ 2016-11-29T20:30:06+08:00 ] 127.0.0.1 /index.php/Home/user/user/changeInfo
ERR: 非法操作:user

[ 2016-11-29T20:30:11+08:00 ] 127.0.0.1 /index.php/Home/user/user/changeInfo
ERR: 非法操作:user

[ 2016-11-29T20:34:06+08:00 ] 127.0.0.1 /index.php/Home/user/changeInfo
ERR: SQLSTATE[42000]: Syntax error or access violation: 1064 You have an error in your SQL syntax; check the manual that corresponds to your MySQL server version for the right syntax to use near 'user')' ) LIMIT 1' at line 1

[ 2016-11-29T20:35:21+08:00 ] 127.0.0.1 /index.php/Home/user/changeInfo
ERR: SQLSTATE[42000]: Syntax error or access violation: 1064 You have an error in your SQL syntax; check the manual that corresponds to your MySQL server version for the right syntax to use near 'user')' )' at line 1

[ 2016-11-29T20:35:57+08:00 ] 127.0.0.1 /index.php/Home/user/changeInfo
ERR: SQLSTATE[42000]: Syntax error or access violation: 1064 You have an error in your SQL syntax; check the manual that corresponds to your MySQL server version for the right syntax to use near '('user') )' at line 1

[ 2016-11-29T20:35:57+08:00 ] 127.0.0.1 /index.php/Home/user/changeInfo
ERR: SQLSTATE[42000]: Syntax error or access violation: 1064 You have an error in your SQL syntax; check the manual that corresponds to your MySQL server version for the right syntax to use near '('user') )' at line 1

[ 2016-11-29T20:36:07+08:00 ] 127.0.0.1 /index.php/Home/user/changeInfo
ERR: SQLSTATE[42000]: Syntax error or access violation: 1064 You have an error in your SQL syntax; check the manual that corresponds to your MySQL server version for the right syntax to use near '('user') )' at line 1

[ 2016-11-29T20:37:34+08:00 ] 127.0.0.1 /index.php/Home/user/changeInfo
ERR: SQLSTATE[42000]: Syntax error or access violation: 1064 You have an error in your SQL syntax; check the manual that corresponds to your MySQL server version for the right syntax to use near 'user')}' )' at line 1

[ 2016-11-29T20:40:08+08:00 ] 127.0.0.1 /index.php/Home/user/changeInfo
ERR: 非法操作:changeInfo

[ 2016-11-29T20:40:20+08:00 ] 127.0.0.1 /index.php/Home/user/Info
INFO: [ app_begin ] --START--
INFO: Run Behavior\ReadHtmlCacheBehavior [ RunTime:0.000449s ]
INFO: [ app_begin ] --END-- [ RunTime:0.000820s ]
SQL: SHOW COLUMNS FROM `tb_user` [ RunTime:0.0060s ]
SQL: SELECT * FROM `tb_user` WHERE ( user_name='qwe' ) LIMIT 1   [ RunTime:0.0003s ]
INFO: [ view_parse ] --START--
INFO: [ template_filter ] --START--
INFO: Run Behavior\ContentReplaceBehavior [ RunTime:0.000034s ]
INFO: [ template_filter ] --END-- [ RunTime:0.000067s ]
NOTIC: [8] Undefined variable: user_trueName E:\thinkphp\Application\shop\mbook11.23\Application\Runtime\Cache\Home\eb5af1ae0facffb0198058e9f7e24c98.php 第 48 行.
NOTIC: [8] Undefined variable: question E:\thinkphp\Application\shop\mbook11.23\Application\Runtime\Cache\Home\eb5af1ae0facffb0198058e9f7e24c98.php 第 64 行.
NOTIC: [8] Undefined variable: answer E:\thinkphp\Application\shop\mbook11.23\Application\Runtime\Cache\Home\eb5af1ae0facffb0198058e9f7e24c98.php 第 69 行.
INFO: Run Behavior\ParseTemplateBehavior [ RunTime:0.006085s ]
INFO: [ view_parse ] --END-- [ RunTime:0.006120s ]
INFO: [ view_filter ] --START--
INFO: Run Behavior\WriteHtmlCacheBehavior [ RunTime:0.000414s ]
INFO: [ view_filter ] --END-- [ RunTime:0.000441s ]
INFO: [ app_end ] --START--
INFO: Run Behavior\ShowPageTraceBehavior [ RunTime:0.000530s ]
INFO: [ app_end ] --END-- [ RunTime:0.000560s ]

[ 2016-11-29T20:40:23+08:00 ] 127.0.0.1 /index.php/Home/user/changeInfo
ERR: 非法操作:changeInfo

[ 2016-11-29T20:42:02+08:00 ] 127.0.0.1 /index.php/Home/user/changeInfo
ERR: 模板不存在:./Application/Home/View/User/changeInfo.html

[ 2016-11-29T20:42:41+08:00 ] 127.0.0.1 /index.php/Home/user/changeInfo
ERR: 模板不存在:./Application/Home/View/User/changeInfo.html

[ 2016-11-29T20:42:42+08:00 ] 127.0.0.1 /index.php/Home/user/changeInfo
ERR: 模板不存在:./Application/Home/View/User/changeInfo.html

[ 2016-11-29T20:42:43+08:00 ] 127.0.0.1 /index.php/Home/user/changeInfo
ERR: 模板不存在:./Application/Home/View/User/changeInfo.html

[ 2016-11-29T20:42:43+08:00 ] 127.0.0.1 /index.php/Home/user/changeInfo
ERR: 模板不存在:./Application/Home/View/User/changeInfo.html

[ 2016-11-29T20:42:43+08:00 ] 127.0.0.1 /index.php/Home/user/changeInfo
ERR: 模板不存在:./Application/Home/View/User/changeInfo.html

[ 2016-11-29T20:45:00+08:00 ] 127.0.0.1 /index.php/Home/user/Info
INFO: [ app_begin ] --START--
INFO: Run Behavior\ReadHtmlCacheBehavior [ RunTime:0.000384s ]
INFO: [ app_begin ] --END-- [ RunTime:0.000689s ]
SQL: SHOW COLUMNS FROM `tb_user` [ RunTime:0.0058s ]
SQL: SELECT * FROM `tb_user` WHERE ( user_name='qwe' ) LIMIT 1   [ RunTime:0.0003s ]
INFO: [ view_parse ] --START--
INFO: [ template_filter ] --START--
INFO: Run Behavior\ContentReplaceBehavior [ RunTime:0.000034s ]
INFO: [ template_filter ] --END-- [ RunTime:0.000068s ]
NOTIC: [8] Undefined variable: user_trueName E:\thinkphp\Application\shop\mbook11.23\Application\Runtime\Cache\Home\113364de1bb57bf89cef593063f3ecc5.php 第 48 行.
NOTIC: [8] Undefined variable: question E:\thinkphp\Application\shop\mbook11.23\Application\Runtime\Cache\Home\113364de1bb57bf89cef593063f3ecc5.php 第 64 行.
NOTIC: [8] Undefined variable: answer E:\thinkphp\Application\shop\mbook11.23\Application\Runtime\Cache\Home\113364de1bb57bf89cef593063f3ecc5.php 第 69 行.
INFO: Run Behavior\ParseTemplateBehavior [ RunTime:0.005962s ]
INFO: [ view_parse ] --END-- [ RunTime:0.005994s ]
INFO: [ view_filter ] --START--
INFO: Run Behavior\WriteHtmlCacheBehavior [ RunTime:0.000406s ]
INFO: [ view_filter ] --END-- [ RunTime:0.000434s ]
INFO: [ app_end ] --START--
INFO: Run Behavior\ShowPageTraceBehavior [ RunTime:0.000524s ]
INFO: [ app_end ] --END-- [ RunTime:0.000554s ]

[ 2016-11-29T21:31:31+08:00 ] 127.0.0.1 /index.php/Home/User/gg
INFO: [ app_begin ] --START--
INFO: Run Behavior\ReadHtmlCacheBehavior [ RunTime:0.000467s ]
INFO: [ app_begin ] --END-- [ RunTime:0.000815s ]
SQL: SHOW COLUMNS FROM `tb_user` [ RunTime:0.0060s ]
INFO: [ app_end ] --START--
INFO: Run Behavior\ShowPageTraceBehavior [ RunTime:0.000582s ]
INFO: [ app_end ] --END-- [ RunTime:0.000619s ]

[ 2016-11-29T21:32:34+08:00 ] 127.0.0.1 /index.php/Home/User/gg
INFO: [ app_begin ] --START--
INFO: Run Behavior\ReadHtmlCacheBehavior [ RunTime:0.000556s ]
INFO: [ app_begin ] --END-- [ RunTime:0.000894s ]
SQL: SHOW COLUMNS FROM `tb_user` [ RunTime:0.0058s ]
INFO: [ app_end ] --START--
INFO: Run Behavior\ShowPageTraceBehavior [ RunTime:0.000635s ]
INFO: [ app_end ] --END-- [ RunTime:0.000671s ]

[ 2016-11-29T21:33:17+08:00 ] 127.0.0.1 /index.php/Home/User/gg
INFO: [ app_begin ] --START--
INFO: Run Behavior\ReadHtmlCacheBehavior [ RunTime:0.000618s ]
INFO: [ app_begin ] --END-- [ RunTime:0.001109s ]
SQL: SHOW COLUMNS FROM `tb_user` [ RunTime:0.0060s ]
INFO: [ app_end ] --START--
INFO: Run Behavior\ShowPageTraceBehavior [ RunTime:0.000664s ]
INFO: [ app_end ] --END-- [ RunTime:0.000698s ]

[ 2016-11-29T21:34:12+08:00 ] 127.0.0.1 /index.php/Home/User/gg
INFO: [ app_begin ] --START--
INFO: Run Behavior\ReadHtmlCacheBehavior [ RunTime:0.000535s ]
INFO: [ app_begin ] --END-- [ RunTime:0.000908s ]
SQL: SHOW COLUMNS FROM `tb_user` [ RunTime:0.0070s ]
INFO: [ app_end ] --START--
INFO: Run Behavior\ShowPageTraceBehavior [ RunTime:0.000748s ]
INFO: [ app_end ] --END-- [ RunTime:0.000786s ]

[ 2016-11-29T21:34:21+08:00 ] 127.0.0.1 /index.php/Home/User/gg
INFO: [ app_begin ] --START--
INFO: Run Behavior\ReadHtmlCacheBehavior [ RunTime:0.000556s ]
INFO: [ app_begin ] --END-- [ RunTime:0.000930s ]
SQL: SHOW COLUMNS FROM `tb_user` [ RunTime:0.0058s ]
INFO: [ app_end ] --START--
INFO: Run Behavior\ShowPageTraceBehavior [ RunTime:0.000644s ]
INFO: [ app_end ] --END-- [ RunTime:0.000678s ]

[ 2016-11-29T21:34:33+08:00 ] 127.0.0.1 /index.php/Home/User/gg
INFO: [ app_begin ] --START--
INFO: Run Behavior\ReadHtmlCacheBehavior [ RunTime:0.000393s ]
INFO: [ app_begin ] --END-- [ RunTime:0.000723s ]
SQL: SHOW COLUMNS FROM `tb_user` [ RunTime:0.0061s ]
INFO: [ app_end ] --START--
INFO: Run Behavior\ShowPageTraceBehavior [ RunTime:0.000564s ]
INFO: [ app_end ] --END-- [ RunTime:0.000598s ]

[ 2016-11-29T21:35:44+08:00 ] 127.0.0.1 /index.php/Home/User/gg
INFO: [ app_begin ] --START--
INFO: Run Behavior\ReadHtmlCacheBehavior [ RunTime:0.000431s ]
INFO: [ app_begin ] --END-- [ RunTime:0.000738s ]
SQL: SHOW COLUMNS FROM `tb_user` [ RunTime:0.0061s ]
INFO: [ app_end ] --START--
INFO: Run Behavior\ShowPageTraceBehavior [ RunTime:0.000584s ]
INFO: [ app_end ] --END-- [ RunTime:0.000618s ]

[ 2016-11-29T21:36:25+08:00 ] 127.0.0.1 /index.php/Home/User/gg
INFO: [ app_begin ] --START--
INFO: Run Behavior\ReadHtmlCacheBehavior [ RunTime:0.000370s ]
INFO: [ app_begin ] --END-- [ RunTime:0.000681s ]
SQL: SHOW COLUMNS FROM `tb_user` [ RunTime:0.0058s ]

[ 2016-11-29T21:38:05+08:00 ] 127.0.0.1 /index.php/Home/User/gg
INFO: [ app_begin ] --START--
INFO: Run Behavior\ReadHtmlCacheBehavior [ RunTime:0.000552s ]
INFO: [ app_begin ] --END-- [ RunTime:0.000907s ]
SQL: SHOW COLUMNS FROM `tb_user` [ RunTime:0.0064s ]

[ 2016-11-29T21:40:05+08:00 ] 127.0.0.1 /index.php/Home/User/gg
INFO: [ app_begin ] --START--
INFO: Run Behavior\ReadHtmlCacheBehavior [ RunTime:0.000459s ]
INFO: [ app_begin ] --END-- [ RunTime:0.000800s ]
SQL: SHOW COLUMNS FROM `tb_user` [ RunTime:0.0122s ]

[ 2016-11-29T21:40:27+08:00 ] 127.0.0.1 /index.php/Home/User/gg
INFO: [ app_begin ] --START--
INFO: Run Behavior\ReadHtmlCacheBehavior [ RunTime:0.000453s ]
INFO: [ app_begin ] --END-- [ RunTime:0.000775s ]
SQL: SHOW COLUMNS FROM `tb_user` [ RunTime:0.0236s ]

[ 2016-11-29T21:40:31+08:00 ] 127.0.0.1 /index.php/Home/User/gg
INFO: [ app_begin ] --START--
INFO: Run Behavior\ReadHtmlCacheBehavior [ RunTime:0.000372s ]
INFO: [ app_begin ] --END-- [ RunTime:0.000667s ]
SQL: SHOW COLUMNS FROM `tb_user` [ RunTime:0.0256s ]

[ 2016-11-29T21:40:33+08:00 ] 127.0.0.1 /index.php/Home/User/gg
INFO: [ app_begin ] --START--
INFO: Run Behavior\ReadHtmlCacheBehavior [ RunTime:0.000406s ]
INFO: [ app_begin ] --END-- [ RunTime:0.000728s ]
SQL: SHOW COLUMNS FROM `tb_user` [ RunTime:0.0059s ]

[ 2016-11-29T21:40:37+08:00 ] 127.0.0.1 /index.php/Home/User/gg
INFO: [ app_begin ] --START--
INFO: Run Behavior\ReadHtmlCacheBehavior [ RunTime:0.000390s ]
INFO: [ app_begin ] --END-- [ RunTime:0.000702s ]
SQL: SHOW COLUMNS FROM `tb_user` [ RunTime:0.0059s ]

[ 2016-11-29T21:40:41+08:00 ] 127.0.0.1 /index.php/Home/User/gg
INFO: [ app_begin ] --START--
INFO: Run Behavior\ReadHtmlCacheBehavior [ RunTime:0.000450s ]
INFO: [ app_begin ] --END-- [ RunTime:0.000810s ]
SQL: SHOW COLUMNS FROM `tb_user` [ RunTime:0.0066s ]

[ 2016-11-29T21:40:44+08:00 ] 127.0.0.1 /index.php/Home/User/gg
INFO: [ app_begin ] --START--
INFO: Run Behavior\ReadHtmlCacheBehavior [ RunTime:0.000378s ]
INFO: [ app_begin ] --END-- [ RunTime:0.000695s ]
SQL: SHOW COLUMNS FROM `tb_user` [ RunTime:0.0057s ]

[ 2016-11-29T21:40:47+08:00 ] 127.0.0.1 /index.php/Home/User/gg
INFO: [ app_begin ] --START--
INFO: Run Behavior\ReadHtmlCacheBehavior [ RunTime:0.000447s ]
INFO: [ app_begin ] --END-- [ RunTime:0.000808s ]
SQL: SHOW COLUMNS FROM `tb_user` [ RunTime:0.0059s ]

[ 2016-11-29T21:40:50+08:00 ] 127.0.0.1 /index.php/Home/User/gg
INFO: [ app_begin ] --START--
INFO: Run Behavior\ReadHtmlCacheBehavior [ RunTime:0.000449s ]
INFO: [ app_begin ] --END-- [ RunTime:0.000816s ]
SQL: SHOW COLUMNS FROM `tb_user` [ RunTime:0.0061s ]

[ 2016-11-29T21:40:53+08:00 ] 127.0.0.1 /index.php/Home/User/gg
INFO: [ app_begin ] --START--
INFO: Run Behavior\ReadHtmlCacheBehavior [ RunTime:0.000367s ]
INFO: [ app_begin ] --END-- [ RunTime:0.000678s ]
SQL: SHOW COLUMNS FROM `tb_user` [ RunTime:0.0059s ]

[ 2016-11-29T21:40:56+08:00 ] 127.0.0.1 /index.php/Home/User/gg
INFO: [ app_begin ] --START--
INFO: Run Behavior\ReadHtmlCacheBehavior [ RunTime:0.000442s ]
INFO: [ app_begin ] --END-- [ RunTime:0.000762s ]
SQL: SHOW COLUMNS FROM `tb_user` [ RunTime:0.0059s ]

[ 2016-11-29T21:41:27+08:00 ] 127.0.0.1 /index.php/Home/user/Info
INFO: [ app_begin ] --START--
INFO: Run Behavior\ReadHtmlCacheBehavior [ RunTime:0.000374s ]
INFO: [ app_begin ] --END-- [ RunTime:0.000675s ]
SQL: SHOW COLUMNS FROM `tb_user` [ RunTime:0.0059s ]
SQL: SELECT * FROM `tb_user` WHERE ( user_name='qwe' ) LIMIT 1   [ RunTime:0.0003s ]
INFO: [ view_parse ] --START--
INFO: [ template_filter ] --START--
INFO: Run Behavior\ContentReplaceBehavior [ RunTime:0.000035s ]
INFO: [ template_filter ] --END-- [ RunTime:0.000068s ]
NOTIC: [8] Undefined variable: question E:\thinkphp\Application\shop\mbook11.23\Application\Runtime\Cache\Home\113364de1bb57bf89cef593063f3ecc5.php 第 64 行.
NOTIC: [8] Undefined variable: answer E:\thinkphp\Application\shop\mbook11.23\Application\Runtime\Cache\Home\113364de1bb57bf89cef593063f3ecc5.php 第 69 行.
INFO: Run Behavior\ParseTemplateBehavior [ RunTime:0.005775s ]
INFO: [ view_parse ] --END-- [ RunTime:0.005808s ]
INFO: [ view_filter ] --START--
INFO: Run Behavior\WriteHtmlCacheBehavior [ RunTime:0.000406s ]
INFO: [ view_filter ] --END-- [ RunTime:0.000439s ]
INFO: [ app_end ] --START--
INFO: Run Behavior\ShowPageTraceBehavior [ RunTime:0.000538s ]
INFO: [ app_end ] --END-- [ RunTime:0.000569s ]

[ 2016-11-29T21:41:30+08:00 ] 127.0.0.1 /index.php/Home/User/gg
INFO: [ app_begin ] --START--
INFO: Run Behavior\ReadHtmlCacheBehavior [ RunTime:0.000384s ]
INFO: [ app_begin ] --END-- [ RunTime:0.000704s ]
SQL: SHOW COLUMNS FROM `tb_user` [ RunTime:0.0058s ]

[ 2016-11-29T21:44:09+08:00 ] 127.0.0.1 /index.php/Home/User/gg
INFO: [ app_begin ] --START--
INFO: Run Behavior\ReadHtmlCacheBehavior [ RunTime:0.000445s ]
INFO: [ app_begin ] --END-- [ RunTime:0.000811s ]
SQL: SHOW COLUMNS FROM `tb_user` [ RunTime:0.0133s ]

[ 2016-11-29T21:44:36+08:00 ] 127.0.0.1 /index.php/Home/User/gg
INFO: [ app_begin ] --START--
INFO: Run Behavior\ReadHtmlCacheBehavior [ RunTime:0.000470s ]
INFO: [ app_begin ] --END-- [ RunTime:0.000813s ]
SQL: SHOW COLUMNS FROM `tb_user` [ RunTime:0.0068s ]
SQL: UPDATE `tb_user` SET `user_trueName`='',`user_email`='',`user_qq`='',`user_address`='' WHERE ( user_name='qwe' ) [ RunTime:0.0451s ]

[ 2016-11-29T21:45:03+08:00 ] 127.0.0.1 /index.php/Home/User/gg
INFO: [ app_begin ] --START--
INFO: Run Behavior\ReadHtmlCacheBehavior [ RunTime:0.000405s ]
INFO: [ app_begin ] --END-- [ RunTime:0.000727s ]
SQL: SHOW COLUMNS FROM `tb_user` [ RunTime:0.0059s ]
SQL: UPDATE `tb_user` SET `user_trueName`='',`user_email`='',`user_qq`='',`user_address`='' WHERE ( user_name='qwe' ) [ RunTime:0.1311s ]

[ 2016-11-29T21:45:06+08:00 ] 127.0.0.1 /index.php/Home/User/gg
INFO: [ app_begin ] --START--
INFO: Run Behavior\ReadHtmlCacheBehavior [ RunTime:0.000479s ]
INFO: [ app_begin ] --END-- [ RunTime:0.000822s ]
SQL: SHOW COLUMNS FROM `tb_user` [ RunTime:0.0059s ]
SQL: UPDATE `tb_user` SET `user_trueName`='',`user_email`='',`user_qq`='',`user_address`='' WHERE ( user_name='qwe' ) [ RunTime:0.0535s ]

[ 2016-11-29T21:45:13+08:00 ] 127.0.0.1 /index.php/Home/User/gg
INFO: [ app_begin ] --START--
INFO: Run Behavior\ReadHtmlCacheBehavior [ RunTime:0.000448s ]
INFO: [ app_begin ] --END-- [ RunTime:0.000820s ]
SQL: SHOW COLUMNS FROM `tb_user` [ RunTime:0.0061s ]
SQL: UPDATE `tb_user` SET `user_trueName`='',`user_email`='',`user_qq`='',`user_address`='' WHERE ( user_name='qwe' ) [ RunTime:0.0557s ]

[ 2016-11-29T21:45:22+08:00 ] 127.0.0.1 /index.php/Home/User/gg
INFO: [ app_begin ] --START--
INFO: Run Behavior\ReadHtmlCacheBehavior [ RunTime:0.000569s ]
INFO: [ app_begin ] --END-- [ RunTime:0.000902s ]
SQL: SHOW COLUMNS FROM `tb_user` [ RunTime:0.0061s ]
SQL: UPDATE `tb_user` SET `user_trueName`='',`user_email`='',`user_qq`='',`user_address`='' WHERE ( user_name='qwe' ) [ RunTime:0.0472s ]

[ 2016-11-29T22:15:25+08:00 ] 127.0.0.1 /index.php/Home/User/(_PUBLIC__/user_images/%7BI(session.username)%7D.jpg)
ERR: 非法操作:(_PUBLIC__

[ 2016-11-29T22:16:30+08:00 ] 127.0.0.1 /index.php/Home/User/(Uplods/%7BI(session.username)%7D.jpg)
ERR: 非法操作:(Uplods

[ 2016-11-29T22:16:30+08:00 ] 127.0.0.1 /index.php/Home/User/(Uplods/%7BI(session.username)%7D.jpg)
ERR: 非法操作:(Uplods

[ 2016-11-29T22:16:45+08:00 ] 127.0.0.1 /index.php/Home/User/(Uplods/session.usernam.jpg)
ERR: 非法操作:(Uplods

[ 2016-11-29T22:16:59+08:00 ] 127.0.0.1 /index.php/Home/User/(Uplods/session.usernam.jpg)
ERR: 非法操作:(Uplods

[ 2016-11-29T22:17:12+08:00 ] 127.0.0.1 /index.php/Home/User/(Uplods/qwe.jpg)
ERR: 非法操作:(Uplods

