[ 2016-12-02T09:20:04+08:00 ] ::1 /2016/TPpro/mbook12.1/index.php/Home/user/showLogin
INFO: [ app_begin ] --START--
INFO: Run Behavior\ReadHtmlCacheBehavior [ RunTime:0.006300s ]
INFO: [ app_begin ] --END-- [ RunTime:0.008242s ]
INFO: [ view_parse ] --START--
INFO: [ template_filter ] --START--
INFO: Run Behavior\ContentReplaceBehavior [ RunTime:0.000099s ]
INFO: [ template_filter ] --END-- [ RunTime:0.000227s ]
INFO: Run Behavior\ParseTemplateBehavior [ RunTime:0.035113s ]
INFO: [ view_parse ] --END-- [ RunTime:0.035246s ]
INFO: [ view_filter ] --START--
INFO: Run Behavior\WriteHtmlCacheBehavior [ RunTime:0.003605s ]
INFO: [ view_filter ] --END-- [ RunTime:0.003685s ]
INFO: [ app_end ] --START--
INFO: Run Behavior\ShowPageTraceBehavior [ RunTime:0.006270s ]
INFO: [ app_end ] --END-- [ RunTime:0.006396s ]

[ 2016-12-02T09:25:35+08:00 ] ::1 /2016/TPpro/mbook12.1/index.php/Home/user/Info
INFO: [ app_begin ] --START--
INFO: Run Behavior\ReadHtmlCacheBehavior [ RunTime:0.000878s ]
INFO: [ app_begin ] --END-- [ RunTime:0.001364s ]
SQL: SHOW COLUMNS FROM `tb_user` [ RunTime:0.0115s ]
SQL: SELECT * FROM `tb_user` WHERE ( user_name='lyly' ) LIMIT 1   [ RunTime:0.0015s ]
INFO: [ view_parse ] --START--
INFO: [ template_filter ] --START--
INFO: Run Behavior\ContentReplaceBehavior [ RunTime:0.000066s ]
INFO: [ template_filter ] --END-- [ RunTime:0.000153s ]
NOTIC: [8] Undefined variable: question E:\wamp\www\2016\TPpro\mbook12.1\Application\Runtime\Cache\Home\113364de1bb57bf89cef593063f3ecc5.php 第 72 行.
NOTIC: [8] Undefined variable: answer E:\wamp\www\2016\TPpro\mbook12.1\Application\Runtime\Cache\Home\113364de1bb57bf89cef593063f3ecc5.php 第 77 行.
INFO: Run Behavior\ParseTemplateBehavior [ RunTime:0.010715s ]
INFO: [ view_parse ] --END-- [ RunTime:0.010818s ]
INFO: [ view_filter ] --START--
INFO: Run Behavior\WriteHtmlCacheBehavior [ RunTime:0.000746s ]
INFO: [ view_filter ] --END-- [ RunTime:0.000845s ]
INFO: [ app_end ] --START--
INFO: Run Behavior\ShowPageTraceBehavior [ RunTime:0.001339s ]
INFO: [ app_end ] --END-- [ RunTime:0.001442s ]

[ 2016-12-02T09:33:14+08:00 ] ::1 /2016/TPpro/mbook12.1/index.php/Home/user/Info
INFO: [ app_begin ] --START--
INFO: Run Behavior\ReadHtmlCacheBehavior [ RunTime:0.000906s ]
INFO: [ app_begin ] --END-- [ RunTime:0.001452s ]
SQL: SHOW COLUMNS FROM `tb_user` [ RunTime:0.0101s ]
SQL: SELECT * FROM `tb_user` WHERE ( user_name='lyly' ) LIMIT 1   [ RunTime:0.0011s ]
INFO: [ view_parse ] --START--
INFO: [ template_filter ] --START--
INFO: Run Behavior\ContentReplaceBehavior [ RunTime:0.000065s ]
INFO: [ template_filter ] --END-- [ RunTime:0.000149s ]
NOTIC: [8] Undefined variable: question E:\wamp\www\2016\TPpro\mbook12.1\Application\Runtime\Cache\Home\113364de1bb57bf89cef593063f3ecc5.php 第 72 行.
NOTIC: [8] Undefined variable: answer E:\wamp\www\2016\TPpro\mbook12.1\Application\Runtime\Cache\Home\113364de1bb57bf89cef593063f3ecc5.php 第 77 行.
INFO: Run Behavior\ParseTemplateBehavior [ RunTime:0.014609s ]
INFO: [ view_parse ] --END-- [ RunTime:0.014740s ]
INFO: [ view_filter ] --START--
INFO: Run Behavior\WriteHtmlCacheBehavior [ RunTime:0.000850s ]
INFO: [ view_filter ] --END-- [ RunTime:0.000940s ]
INFO: [ app_end ] --START--
INFO: Run Behavior\ShowPageTraceBehavior [ RunTime:0.001183s ]
INFO: [ app_end ] --END-- [ RunTime:0.001272s ]

[ 2016-12-02T09:33:24+08:00 ] ::1 /2016/TPpro/mbook12.1/index.php/Home/user/Info
INFO: [ app_begin ] --START--
INFO: Run Behavior\ReadHtmlCacheBehavior [ RunTime:0.001029s ]
INFO: [ app_begin ] --END-- [ RunTime:0.001535s ]
SQL: SHOW COLUMNS FROM `tb_user` [ RunTime:0.0089s ]
SQL: SELECT * FROM `tb_user` WHERE ( user_name='lyly' ) LIMIT 1   [ RunTime:0.0008s ]
INFO: [ view_parse ] --START--
INFO: [ template_filter ] --START--
INFO: Run Behavior\ContentReplaceBehavior [ RunTime:0.000065s ]
INFO: [ template_filter ] --END-- [ RunTime:0.000147s ]
NOTIC: [8] Undefined variable: question E:\wamp\www\2016\TPpro\mbook12.1\Application\Runtime\Cache\Home\113364de1bb57bf89cef593063f3ecc5.php 第 72 行.
NOTIC: [8] Undefined variable: answer E:\wamp\www\2016\TPpro\mbook12.1\Application\Runtime\Cache\Home\113364de1bb57bf89cef593063f3ecc5.php 第 77 行.
INFO: Run Behavior\ParseTemplateBehavior [ RunTime:0.010851s ]
INFO: [ view_parse ] --END-- [ RunTime:0.010940s ]
INFO: [ view_filter ] --START--
INFO: Run Behavior\WriteHtmlCacheBehavior [ RunTime:0.000837s ]
INFO: [ view_filter ] --END-- [ RunTime:0.000946s ]
INFO: [ app_end ] --START--
INFO: Run Behavior\ShowPageTraceBehavior [ RunTime:0.001800s ]
INFO: [ app_end ] --END-- [ RunTime:0.002010s ]

