[ 2017-01-16T11:47:03+08:00 ] ::1 /2016/TPpro/mbook/index.php/Home/Book/booklist/sid/2/p/2.html
INFO: [ app_begin ] --START--
INFO: Run Behavior\ReadHtmlCacheBehavior [ RunTime:0.001308s ]
INFO: [ app_begin ] --END-- [ RunTime:0.001947s ]
SQL: SHOW COLUMNS FROM `tb_book` [ RunTime:0.0119s ]
SQL: SELECT COUNT(*) AS tp_count FROM `tb_book` WHERE ( s_id=2 ) LIMIT 1   [ RunTime:0.0014s ]
SQL: SELECT * FROM `tb_book` WHERE ( s_id=2 ) LIMIT 3,3   [ RunTime:0.0022s ]
INFO: [ view_parse ] --START--
INFO: [ template_filter ] --START--
INFO: Run Behavior\ContentReplaceBehavior [ RunTime:0.000065s ]
INFO: [ template_filter ] --END-- [ RunTime:0.000172s ]
NOTIC: [8] Undefined variable: blist E:\wamp\www\2016\TPpro\mbook\Application\Runtime\Cache\Home\39b8e45877d04e8c4a63256385440276.php 第 20 行.
INFO: Run Behavior\ParseTemplateBehavior [ RunTime:0.011615s ]
INFO: [ view_parse ] --END-- [ RunTime:0.011684s ]
INFO: [ view_filter ] --START--
INFO: Run Behavior\WriteHtmlCacheBehavior [ RunTime:0.000966s ]
INFO: [ view_filter ] --END-- [ RunTime:0.001023s ]
INFO: [ app_end ] --START--
INFO: Run Behavior\ShowPageTraceBehavior [ RunTime:0.001285s ]
INFO: [ app_end ] --END-- [ RunTime:0.001347s ]

[ 2017-01-16T11:47:04+08:00 ] ::1 /2016/TPpro/mbook/index.php/Home/Book/booklist/sid/2/p/3.html
INFO: [ app_begin ] --START--
INFO: Run Behavior\ReadHtmlCacheBehavior [ RunTime:0.001639s ]
INFO: [ app_begin ] --END-- [ RunTime:0.002371s ]
SQL: SHOW COLUMNS FROM `tb_book` [ RunTime:0.0145s ]
SQL: SELECT COUNT(*) AS tp_count FROM `tb_book` WHERE ( s_id=2 ) LIMIT 1   [ RunTime:0.0006s ]
SQL: SELECT * FROM `tb_book` WHERE ( s_id=2 ) LIMIT 6,3   [ RunTime:0.0009s ]
INFO: [ view_parse ] --START--
INFO: [ template_filter ] --START--
INFO: Run Behavior\ContentReplaceBehavior [ RunTime:0.000099s ]
INFO: [ template_filter ] --END-- [ RunTime:0.000242s ]
NOTIC: [8] Undefined variable: blist E:\wamp\www\2016\TPpro\mbook\Application\Runtime\Cache\Home\39b8e45877d04e8c4a63256385440276.php 第 20 行.
INFO: Run Behavior\ParseTemplateBehavior [ RunTime:0.016023s ]
INFO: [ view_parse ] --END-- [ RunTime:0.016145s ]
INFO: [ view_filter ] --START--
INFO: Run Behavior\WriteHtmlCacheBehavior [ RunTime:0.001510s ]
INFO: [ view_filter ] --END-- [ RunTime:0.001626s ]
INFO: [ app_end ] --START--
INFO: Run Behavior\ShowPageTraceBehavior [ RunTime:0.001888s ]
INFO: [ app_end ] --END-- [ RunTime:0.001998s ]

[ 2017-01-16T11:47:05+08:00 ] ::1 /2016/TPpro/mbook/index.php/Home/Book/booklist/sid/2/p/4.html
INFO: [ app_begin ] --START--
INFO: Run Behavior\ReadHtmlCacheBehavior [ RunTime:0.001660s ]
INFO: [ app_begin ] --END-- [ RunTime:0.002365s ]
SQL: SHOW COLUMNS FROM `tb_book` [ RunTime:0.0117s ]
SQL: SELECT COUNT(*) AS tp_count FROM `tb_book` WHERE ( s_id=2 ) LIMIT 1   [ RunTime:0.0008s ]
SQL: SELECT * FROM `tb_book` WHERE ( s_id=2 ) LIMIT 9,3   [ RunTime:0.0010s ]
INFO: [ view_parse ] --START--
INFO: [ template_filter ] --START--
INFO: Run Behavior\ContentReplaceBehavior [ RunTime:0.000057s ]
INFO: [ template_filter ] --END-- [ RunTime:0.000136s ]
NOTIC: [8] Undefined variable: blist E:\wamp\www\2016\TPpro\mbook\Application\Runtime\Cache\Home\39b8e45877d04e8c4a63256385440276.php 第 20 行.
INFO: Run Behavior\ParseTemplateBehavior [ RunTime:0.012308s ]
INFO: [ view_parse ] --END-- [ RunTime:0.012386s ]
INFO: [ view_filter ] --START--
INFO: Run Behavior\WriteHtmlCacheBehavior [ RunTime:0.001610s ]
INFO: [ view_filter ] --END-- [ RunTime:0.001687s ]
INFO: [ app_end ] --START--
INFO: Run Behavior\ShowPageTraceBehavior [ RunTime:0.001221s ]
INFO: [ app_end ] --END-- [ RunTime:0.001303s ]

[ 2017-01-16T11:47:07+08:00 ] ::1 /2016/TPpro/mbook/index.php/Home/Book/booklist/sid/2/p/1.html
INFO: [ app_begin ] --START--
INFO: Run Behavior\ReadHtmlCacheBehavior [ RunTime:0.001204s ]
INFO: [ app_begin ] --END-- [ RunTime:0.001670s ]
SQL: SHOW COLUMNS FROM `tb_book` [ RunTime:0.0101s ]
SQL: SELECT COUNT(*) AS tp_count FROM `tb_book` WHERE ( s_id=2 ) LIMIT 1   [ RunTime:0.0008s ]
SQL: SELECT * FROM `tb_book` WHERE ( s_id=2 ) LIMIT 0,3   [ RunTime:0.0017s ]
INFO: [ view_parse ] --START--
INFO: [ template_filter ] --START--
INFO: Run Behavior\ContentReplaceBehavior [ RunTime:0.000067s ]
INFO: [ template_filter ] --END-- [ RunTime:0.000146s ]
NOTIC: [8] Undefined variable: blist E:\wamp\www\2016\TPpro\mbook\Application\Runtime\Cache\Home\39b8e45877d04e8c4a63256385440276.php 第 20 行.
INFO: Run Behavior\ParseTemplateBehavior [ RunTime:0.012922s ]
INFO: [ view_parse ] --END-- [ RunTime:0.012993s ]
INFO: [ view_filter ] --START--
INFO: Run Behavior\WriteHtmlCacheBehavior [ RunTime:0.000999s ]
INFO: [ view_filter ] --END-- [ RunTime:0.001083s ]
INFO: [ app_end ] --START--
INFO: Run Behavior\ShowPageTraceBehavior [ RunTime:0.001337s ]
INFO: [ app_end ] --END-- [ RunTime:0.001407s ]

[ 2017-01-16T11:48:23+08:00 ] ::1 /2016/TPpro/mbook/index.php/Home/Book/booklist/sid/2/index/index
ERR: SQLSTATE[42S22]: Column not found: 1054 Unknown column 'sid' in 'where clause'

[ 2017-01-16T11:48:35+08:00 ] ::1 /2016/TPpro/mbook/index.php/Home/Book/booklist/sid/2/index/index/p/2.html
INFO: [ app_begin ] --START--
INFO: Run Behavior\ReadHtmlCacheBehavior [ RunTime:0.001415s ]
INFO: [ app_begin ] --END-- [ RunTime:0.002016s ]
SQL: SHOW COLUMNS FROM `tb_book` [ RunTime:0.0128s ]
SQL: SELECT * FROM `tb_book` WHERE ( s_id=2 )  [ RunTime:0.0051s ]
SQL: SELECT COUNT(*) AS tp_count FROM `tb_book` WHERE ( s_id=2 ) LIMIT 1   [ RunTime:0.0008s ]
SQL: SELECT * FROM `tb_book` WHERE ( s_id=2 ) LIMIT 3,3   [ RunTime:0.0022s ]
INFO: [ view_parse ] --START--
INFO: [ template_filter ] --START--
INFO: Run Behavior\ContentReplaceBehavior [ RunTime:0.000052s ]
INFO: [ template_filter ] --END-- [ RunTime:0.000123s ]
INFO: Run Behavior\ParseTemplateBehavior [ RunTime:0.013616s ]
INFO: [ view_parse ] --END-- [ RunTime:0.013727s ]
INFO: [ view_filter ] --START--
INFO: Run Behavior\WriteHtmlCacheBehavior [ RunTime:0.000925s ]
INFO: [ view_filter ] --END-- [ RunTime:0.000983s ]
INFO: [ app_end ] --START--
INFO: Run Behavior\ShowPageTraceBehavior [ RunTime:0.001188s ]
INFO: [ app_end ] --END-- [ RunTime:0.001271s ]

[ 2017-01-16T11:48:38+08:00 ] ::1 /2016/TPpro/mbook/index.php/Home/Book/booklist/sid/2/index/index/p/3.html
INFO: [ app_begin ] --START--
INFO: Run Behavior\ReadHtmlCacheBehavior [ RunTime:0.001257s ]
INFO: [ app_begin ] --END-- [ RunTime:0.001734s ]
SQL: SHOW COLUMNS FROM `tb_book` [ RunTime:0.0127s ]
SQL: SELECT * FROM `tb_book` WHERE ( s_id=2 )  [ RunTime:0.0075s ]
SQL: SELECT COUNT(*) AS tp_count FROM `tb_book` WHERE ( s_id=2 ) LIMIT 1   [ RunTime:0.0005s ]
SQL: SELECT * FROM `tb_book` WHERE ( s_id=2 ) LIMIT 6,3   [ RunTime:0.0018s ]
INFO: [ view_parse ] --START--
INFO: [ template_filter ] --START--
INFO: Run Behavior\ContentReplaceBehavior [ RunTime:0.000056s ]
INFO: [ template_filter ] --END-- [ RunTime:0.000134s ]
INFO: Run Behavior\ParseTemplateBehavior [ RunTime:0.013152s ]
INFO: [ view_parse ] --END-- [ RunTime:0.013262s ]
INFO: [ view_filter ] --START--
INFO: Run Behavior\WriteHtmlCacheBehavior [ RunTime:0.000932s ]
INFO: [ view_filter ] --END-- [ RunTime:0.000990s ]
INFO: [ app_end ] --START--
INFO: Run Behavior\ShowPageTraceBehavior [ RunTime:0.001511s ]
INFO: [ app_end ] --END-- [ RunTime:0.001580s ]

[ 2017-01-16T11:48:40+08:00 ] ::1 /2016/TPpro/mbook/index.php/Home/Book/booklist/sid/2/index/index/p/4.html
INFO: [ app_begin ] --START--
INFO: Run Behavior\ReadHtmlCacheBehavior [ RunTime:0.001628s ]
INFO: [ app_begin ] --END-- [ RunTime:0.002272s ]
SQL: SHOW COLUMNS FROM `tb_book` [ RunTime:0.0113s ]
SQL: SELECT * FROM `tb_book` WHERE ( s_id=2 )  [ RunTime:0.0048s ]
SQL: SELECT COUNT(*) AS tp_count FROM `tb_book` WHERE ( s_id=2 ) LIMIT 1   [ RunTime:0.0005s ]
SQL: SELECT * FROM `tb_book` WHERE ( s_id=2 ) LIMIT 9,3   [ RunTime:0.0011s ]
INFO: [ view_parse ] --START--
INFO: [ template_filter ] --START--
INFO: Run Behavior\ContentReplaceBehavior [ RunTime:0.000087s ]
INFO: [ template_filter ] --END-- [ RunTime:0.000200s ]
INFO: Run Behavior\ParseTemplateBehavior [ RunTime:0.013460s ]
INFO: [ view_parse ] --END-- [ RunTime:0.013549s ]
INFO: [ view_filter ] --START--
INFO: Run Behavior\WriteHtmlCacheBehavior [ RunTime:0.000929s ]
INFO: [ view_filter ] --END-- [ RunTime:0.000988s ]
INFO: [ app_end ] --START--
INFO: Run Behavior\ShowPageTraceBehavior [ RunTime:0.001169s ]
INFO: [ app_end ] --END-- [ RunTime:0.001230s ]

[ 2017-01-16T11:49:38+08:00 ] ::1 /2016/TPpro/mbook/index.php/Home/Book/booklist/sid/2/index/index/p/2.html
INFO: [ app_begin ] --START--
INFO: Run Behavior\ReadHtmlCacheBehavior [ RunTime:0.001351s ]
INFO: [ app_begin ] --END-- [ RunTime:0.001988s ]
SQL: SHOW COLUMNS FROM `tb_book` [ RunTime:0.0108s ]
SQL: SELECT COUNT(*) AS tp_count FROM `tb_book` WHERE ( s_id=2 ) LIMIT 1   [ RunTime:0.0005s ]
SQL: SELECT * FROM `tb_book` WHERE ( s_id=2 ) LIMIT 3,3   [ RunTime:0.0012s ]
INFO: [ view_parse ] --START--
INFO: [ template_filter ] --START--
INFO: Run Behavior\ContentReplaceBehavior [ RunTime:0.000052s ]
INFO: [ template_filter ] --END-- [ RunTime:0.000133s ]
NOTIC: [8] Undefined variable: blist E:\wamp\www\2016\TPpro\mbook\Application\Runtime\Cache\Home\39b8e45877d04e8c4a63256385440276.php 第 20 行.
INFO: Run Behavior\ParseTemplateBehavior [ RunTime:0.012070s ]
INFO: [ view_parse ] --END-- [ RunTime:0.012195s ]
INFO: [ view_filter ] --START--
INFO: Run Behavior\WriteHtmlCacheBehavior [ RunTime:0.000993s ]
INFO: [ view_filter ] --END-- [ RunTime:0.001055s ]
INFO: [ app_end ] --START--
INFO: Run Behavior\ShowPageTraceBehavior [ RunTime:0.001240s ]
INFO: [ app_end ] --END-- [ RunTime:0.001309s ]

[ 2017-01-16T11:49:38+08:00 ] ::1 /2016/TPpro/mbook/index.php/Home/Book/booklist/sid/2/index/index/p/3.html
INFO: [ app_begin ] --START--
INFO: Run Behavior\ReadHtmlCacheBehavior [ RunTime:0.001348s ]
INFO: [ app_begin ] --END-- [ RunTime:0.001885s ]
SQL: SHOW COLUMNS FROM `tb_book` [ RunTime:0.0111s ]
SQL: SELECT COUNT(*) AS tp_count FROM `tb_book` WHERE ( s_id=2 ) LIMIT 1   [ RunTime:0.0007s ]
SQL: SELECT * FROM `tb_book` WHERE ( s_id=2 ) LIMIT 6,3   [ RunTime:0.0011s ]
INFO: [ view_parse ] --START--
INFO: [ template_filter ] --START--
INFO: Run Behavior\ContentReplaceBehavior [ RunTime:0.000096s ]
INFO: [ template_filter ] --END-- [ RunTime:0.000220s ]
NOTIC: [8] Undefined variable: blist E:\wamp\www\2016\TPpro\mbook\Application\Runtime\Cache\Home\39b8e45877d04e8c4a63256385440276.php 第 20 行.
INFO: Run Behavior\ParseTemplateBehavior [ RunTime:0.014610s ]
INFO: [ view_parse ] --END-- [ RunTime:0.014715s ]
INFO: [ view_filter ] --START--
INFO: Run Behavior\WriteHtmlCacheBehavior [ RunTime:0.001431s ]
INFO: [ view_filter ] --END-- [ RunTime:0.001539s ]
INFO: [ app_end ] --START--
INFO: Run Behavior\ShowPageTraceBehavior [ RunTime:0.001241s ]
INFO: [ app_end ] --END-- [ RunTime:0.001306s ]

[ 2017-01-16T11:51:10+08:00 ] ::1 /2016/TPpro/mbook/index.php/Home/user/showLogin
INFO: [ app_begin ] --START--
INFO: Run Behavior\ReadHtmlCacheBehavior [ RunTime:0.001801s ]
INFO: [ app_begin ] --END-- [ RunTime:0.002586s ]
INFO: [ view_parse ] --START--
INFO: [ template_filter ] --START--
INFO: Run Behavior\ContentReplaceBehavior [ RunTime:0.000100s ]
INFO: [ template_filter ] --END-- [ RunTime:0.000234s ]
INFO: Run Behavior\ParseTemplateBehavior [ RunTime:0.020129s ]
INFO: [ view_parse ] --END-- [ RunTime:0.020260s ]
INFO: [ view_filter ] --START--
INFO: Run Behavior\WriteHtmlCacheBehavior [ RunTime:0.001593s ]
INFO: [ view_filter ] --END-- [ RunTime:0.001701s ]
INFO: [ app_end ] --START--
INFO: Run Behavior\ShowPageTraceBehavior [ RunTime:0.001497s ]
INFO: [ app_end ] --END-- [ RunTime:0.001595s ]

[ 2017-01-16T11:51:35+08:00 ] ::1 /2016/TPpro/mbook/index.php/Home/Book/booklist/sid/2/p/2.html
INFO: [ app_begin ] --START--
INFO: Run Behavior\ReadHtmlCacheBehavior [ RunTime:0.001472s ]
INFO: [ app_begin ] --END-- [ RunTime:0.001991s ]
SQL: SHOW COLUMNS FROM `tb_book` [ RunTime:0.0106s ]
SQL: SELECT COUNT(*) AS tp_count FROM `tb_book` WHERE ( s_id=2 ) LIMIT 1   [ RunTime:0.0009s ]
SQL: SELECT * FROM `tb_book` WHERE ( s_id=2 ) LIMIT 3,3   [ RunTime:0.0008s ]
INFO: [ view_parse ] --START--
INFO: [ template_filter ] --START--
INFO: Run Behavior\ContentReplaceBehavior [ RunTime:0.000054s ]
INFO: [ template_filter ] --END-- [ RunTime:0.000147s ]
INFO: Run Behavior\ParseTemplateBehavior [ RunTime:0.012351s ]
INFO: [ view_parse ] --END-- [ RunTime:0.012448s ]
INFO: [ view_filter ] --START--
INFO: Run Behavior\WriteHtmlCacheBehavior [ RunTime:0.001273s ]
INFO: [ view_filter ] --END-- [ RunTime:0.001350s ]
INFO: [ app_end ] --START--
INFO: Run Behavior\ShowPageTraceBehavior [ RunTime:0.001257s ]
INFO: [ app_end ] --END-- [ RunTime:0.001320s ]

[ 2017-01-16T11:51:37+08:00 ] ::1 /2016/TPpro/mbook/index.php/Home/Book/booklist/sid/2/p/3.html
INFO: [ app_begin ] --START--
INFO: Run Behavior\ReadHtmlCacheBehavior [ RunTime:0.001214s ]
INFO: [ app_begin ] --END-- [ RunTime:0.001720s ]
SQL: SHOW COLUMNS FROM `tb_book` [ RunTime:0.0103s ]
SQL: SELECT COUNT(*) AS tp_count FROM `tb_book` WHERE ( s_id=2 ) LIMIT 1   [ RunTime:0.0008s ]
SQL: SELECT * FROM `tb_book` WHERE ( s_id=2 ) LIMIT 6,3   [ RunTime:0.0014s ]
INFO: [ view_parse ] --START--
INFO: [ template_filter ] --START--
INFO: Run Behavior\ContentReplaceBehavior [ RunTime:0.000051s ]
INFO: [ template_filter ] --END-- [ RunTime:0.000133s ]
INFO: Run Behavior\ParseTemplateBehavior [ RunTime:0.011677s ]
INFO: [ view_parse ] --END-- [ RunTime:0.011801s ]
INFO: [ view_filter ] --START--
INFO: Run Behavior\WriteHtmlCacheBehavior [ RunTime:0.001497s ]
INFO: [ view_filter ] --END-- [ RunTime:0.001613s ]
INFO: [ app_end ] --START--
INFO: Run Behavior\ShowPageTraceBehavior [ RunTime:0.001952s ]
INFO: [ app_end ] --END-- [ RunTime:0.002086s ]

[ 2017-01-16T11:51:38+08:00 ] ::1 /2016/TPpro/mbook/index.php/Home/Book/booklist/sid/2/p/4.html
INFO: [ app_begin ] --START--
INFO: Run Behavior\ReadHtmlCacheBehavior [ RunTime:0.001202s ]
INFO: [ app_begin ] --END-- [ RunTime:0.001681s ]
SQL: SHOW COLUMNS FROM `tb_book` [ RunTime:0.0124s ]
SQL: SELECT COUNT(*) AS tp_count FROM `tb_book` WHERE ( s_id=2 ) LIMIT 1   [ RunTime:0.0011s ]
SQL: SELECT * FROM `tb_book` WHERE ( s_id=2 ) LIMIT 9,3   [ RunTime:0.0012s ]
INFO: [ view_parse ] --START--
INFO: [ template_filter ] --START--
INFO: Run Behavior\ContentReplaceBehavior [ RunTime:0.000058s ]
INFO: [ template_filter ] --END-- [ RunTime:0.000139s ]
INFO: Run Behavior\ParseTemplateBehavior [ RunTime:0.012150s ]
INFO: [ view_parse ] --END-- [ RunTime:0.012247s ]
INFO: [ view_filter ] --START--
INFO: Run Behavior\WriteHtmlCacheBehavior [ RunTime:0.001019s ]
INFO: [ view_filter ] --END-- [ RunTime:0.001082s ]
INFO: [ app_end ] --START--
INFO: Run Behavior\ShowPageTraceBehavior [ RunTime:0.001286s ]
INFO: [ app_end ] --END-- [ RunTime:0.001350s ]

[ 2017-01-16T11:51:41+08:00 ] ::1 /2016/TPpro/mbook/index.php/Home/Book/booklist/sid/2/p/1.html
INFO: [ app_begin ] --START--
INFO: Run Behavior\ReadHtmlCacheBehavior [ RunTime:0.001327s ]
INFO: [ app_begin ] --END-- [ RunTime:0.001859s ]
SQL: SHOW COLUMNS FROM `tb_book` [ RunTime:0.0099s ]
SQL: SELECT COUNT(*) AS tp_count FROM `tb_book` WHERE ( s_id=2 ) LIMIT 1   [ RunTime:0.0007s ]
SQL: SELECT * FROM `tb_book` WHERE ( s_id=2 ) LIMIT 0,3   [ RunTime:0.0022s ]
INFO: [ view_parse ] --START--
INFO: [ template_filter ] --START--
INFO: Run Behavior\ContentReplaceBehavior [ RunTime:0.000088s ]
INFO: [ template_filter ] --END-- [ RunTime:0.000214s ]
INFO: Run Behavior\ParseTemplateBehavior [ RunTime:0.016872s ]
INFO: [ view_parse ] --END-- [ RunTime:0.016978s ]
INFO: [ view_filter ] --START--
INFO: Run Behavior\WriteHtmlCacheBehavior [ RunTime:0.001238s ]
INFO: [ view_filter ] --END-- [ RunTime:0.001313s ]
INFO: [ app_end ] --START--
INFO: Run Behavior\ShowPageTraceBehavior [ RunTime:0.001718s ]
INFO: [ app_end ] --END-- [ RunTime:0.001810s ]

[ 2017-01-16T11:51:49+08:00 ] ::1 /2016/TPpro/mbook/index.php/Home/Book/booklist/sid/2/index/index/p/2.html
INFO: [ app_begin ] --START--
INFO: Run Behavior\ReadHtmlCacheBehavior [ RunTime:0.001761s ]
INFO: [ app_begin ] --END-- [ RunTime:0.002469s ]
SQL: SHOW COLUMNS FROM `tb_book` [ RunTime:0.0122s ]
SQL: SELECT COUNT(*) AS tp_count FROM `tb_book` WHERE ( s_id=2 ) LIMIT 1   [ RunTime:0.0016s ]
SQL: SELECT * FROM `tb_book` WHERE ( s_id=2 ) LIMIT 3,3   [ RunTime:0.0026s ]
INFO: [ view_parse ] --START--
INFO: [ template_filter ] --START--
INFO: Run Behavior\ContentReplaceBehavior [ RunTime:0.000072s ]
INFO: [ template_filter ] --END-- [ RunTime:0.000178s ]
INFO: Run Behavior\ParseTemplateBehavior [ RunTime:0.014779s ]
INFO: [ view_parse ] --END-- [ RunTime:0.014876s ]
INFO: [ view_filter ] --START--
INFO: Run Behavior\WriteHtmlCacheBehavior [ RunTime:0.001041s ]
INFO: [ view_filter ] --END-- [ RunTime:0.001108s ]
INFO: [ app_end ] --START--
INFO: Run Behavior\ShowPageTraceBehavior [ RunTime:0.001366s ]
INFO: [ app_end ] --END-- [ RunTime:0.001439s ]

[ 2017-01-16T11:51:50+08:00 ] ::1 /2016/TPpro/mbook/index.php/Home/Book/booklist/sid/2/index/index/p/4.html
INFO: [ app_begin ] --START--
INFO: Run Behavior\ReadHtmlCacheBehavior [ RunTime:0.001681s ]
INFO: [ app_begin ] --END-- [ RunTime:0.002271s ]
SQL: SHOW COLUMNS FROM `tb_book` [ RunTime:0.0142s ]
SQL: SELECT COUNT(*) AS tp_count FROM `tb_book` WHERE ( s_id=2 ) LIMIT 1   [ RunTime:0.0014s ]
SQL: SELECT * FROM `tb_book` WHERE ( s_id=2 ) LIMIT 9,3   [ RunTime:0.0019s ]
INFO: [ view_parse ] --START--
INFO: [ template_filter ] --START--
INFO: Run Behavior\ContentReplaceBehavior [ RunTime:0.000067s ]
INFO: [ template_filter ] --END-- [ RunTime:0.000149s ]
INFO: Run Behavior\ParseTemplateBehavior [ RunTime:0.014984s ]
INFO: [ view_parse ] --END-- [ RunTime:0.015080s ]
INFO: [ view_filter ] --START--
INFO: Run Behavior\WriteHtmlCacheBehavior [ RunTime:0.001584s ]
INFO: [ view_filter ] --END-- [ RunTime:0.001673s ]
INFO: [ app_end ] --START--
INFO: Run Behavior\ShowPageTraceBehavior [ RunTime:0.001676s ]
INFO: [ app_end ] --END-- [ RunTime:0.001780s ]

[ 2017-01-16T11:53:32+08:00 ] ::1 /2016/TPpro/mbook/index.php/Home/Book/booklist/index/index
ERR: SQLSTATE[42000]: Syntax error or access violation: 1064 You have an error in your SQL syntax; check the manual that corresponds to your MySQL server version for the right syntax to use near ')' at line 1

